This is pdfTeX, Version 3.14159265-2.6-1.40.15 (TeX Live 2015/dev/Debian) (preloaded format=pdflatex 2017.3.9)  20 MAR 2017 17:15
entering extended mode
 restricted \write18 enabled.
 %&-line parsing enabled.
**17_02_13_full_report.tex
(./17_02_13_full_report.tex
LaTeX2e <2014/05/01>
Babel <3.9l> and hyphenation patterns for 29 languages loaded.
(/usr/share/texlive/texmf-dist/tex/latex/base/report.cls
Document Class: report 2014/09/29 v1.4h Standard LaTeX document class
(/usr/share/texlive/texmf-dist/tex/latex/base/size10.clo
File: size10.clo 2014/09/29 v1.4h Standard LaTeX file (size option)
)
\c@part=\count79
\c@chapter=\count80
\c@section=\count81
\c@subsection=\count82
\c@subsubsection=\count83
\c@paragraph=\count84
\c@subparagraph=\count85
\c@figure=\count86
\c@table=\count87
\abovecaptionskip=\skip41
\belowcaptionskip=\skip42
\bibindent=\dimen102
)
(/usr/share/texlive/texmf-dist/tex/latex/base/inputenc.sty
Package: inputenc 2014/04/30 v1.2b Input encoding file
\inpenc@prehook=\toks14
\inpenc@posthook=\toks15

(/usr/share/texlive/texmf-dist/tex/latex/ucs/utf8x.def
File: utf8x.def 2004/10/17 UCS: Input encoding UTF-8
))
(/usr/share/texlive/texmf-dist/tex/latex/ucs/ucs.sty
Package: ucs 2013/05/11 v2.2 UCS: Unicode input support

(/usr/share/texlive/texmf-dist/tex/latex/ucs/data/uni-global.def
File: uni-global.def 2013/05/13 UCS: Unicode global data
)
\uc@secondtry=\count88
\uc@combtoks=\toks16
\uc@combtoksb=\toks17
\uc@temptokena=\toks18
)
(/usr/share/texlive/texmf-dist/tex/latex/amsmath/amsmath.sty
Package: amsmath 2013/01/14 v2.14 AMS math features
\@mathmargin=\skip43

For additional information on amsmath, use the `?' option.
(/usr/share/texlive/texmf-dist/tex/latex/amsmath/amstext.sty
Package: amstext 2000/06/29 v2.01

(/usr/share/texlive/texmf-dist/tex/latex/amsmath/amsgen.sty
File: amsgen.sty 1999/11/30 v2.0
\@emptytoks=\toks19
\ex@=\dimen103
))
(/usr/share/texlive/texmf-dist/tex/latex/amsmath/amsbsy.sty
Package: amsbsy 1999/11/29 v1.2d
\pmbraise@=\dimen104
)
(/usr/share/texlive/texmf-dist/tex/latex/amsmath/amsopn.sty
Package: amsopn 1999/12/14 v2.01 operator names
)
\inf@bad=\count89
LaTeX Info: Redefining \frac on input line 210.
\uproot@=\count90
\leftroot@=\count91
LaTeX Info: Redefining \overline on input line 306.
\classnum@=\count92
\DOTSCASE@=\count93
LaTeX Info: Redefining \ldots on input line 378.
LaTeX Info: Redefining \dots on input line 381.
LaTeX Info: Redefining \cdots on input line 466.
\Mathstrutbox@=\box26
\strutbox@=\box27
\big@size=\dimen105
LaTeX Font Info:    Redeclaring font encoding OML on input line 566.
LaTeX Font Info:    Redeclaring font encoding OMS on input line 567.
\macc@depth=\count94
\c@MaxMatrixCols=\count95
\dotsspace@=\muskip10
\c@parentequation=\count96
\dspbrk@lvl=\count97
\tag@help=\toks20
\row@=\count98
\column@=\count99
\maxfields@=\count100
\andhelp@=\toks21
\eqnshift@=\dimen106
\alignsep@=\dimen107
\tagshift@=\dimen108
\tagwidth@=\dimen109
\totwidth@=\dimen110
\lineht@=\dimen111
\@envbody=\toks22
\multlinegap=\skip44
\multlinetaggap=\skip45
\mathdisplay@stack=\toks23
LaTeX Info: Redefining \[ on input line 2665.
LaTeX Info: Redefining \] on input line 2666.
)
(/usr/share/texlive/texmf-dist/tex/latex/amsfonts/amsfonts.sty
Package: amsfonts 2013/01/14 v3.01 Basic AMSFonts support
\symAMSa=\mathgroup4
\symAMSb=\mathgroup5
LaTeX Font Info:    Overwriting math alphabet `\mathfrak' in version `bold'
(Font)                  U/euf/m/n --> U/euf/b/n on input line 106.
)
(/usr/share/texlive/texmf-dist/tex/latex/natbib/natbib.sty
Package: natbib 2010/09/13 8.31b (PWD, AO)
\bibhang=\skip46
\bibsep=\skip47
LaTeX Info: Redefining \cite on input line 694.
\c@NAT@ctr=\count101
)
(/usr/share/texlive/texmf-dist/tex/latex/graphics/graphicx.sty
Package: graphicx 2014/04/25 v1.0g Enhanced LaTeX Graphics (DPC,SPQR)

(/usr/share/texlive/texmf-dist/tex/latex/graphics/keyval.sty
Package: keyval 2014/05/08 v1.15 key=value parser (DPC)
\KV@toks@=\toks24
)
(/usr/share/texlive/texmf-dist/tex/latex/graphics/graphics.sty
Package: graphics 2009/02/05 v1.0o Standard LaTeX Graphics (DPC,SPQR)

(/usr/share/texlive/texmf-dist/tex/latex/graphics/trig.sty
Package: trig 1999/03/16 v1.09 sin cos tan (DPC)
)
(/usr/share/texlive/texmf-dist/tex/latex/latexconfig/graphics.cfg
File: graphics.cfg 2010/04/23 v1.9 graphics configuration of TeX Live
)
Package graphics Info: Driver file: pdftex.def on input line 91.

(/usr/share/texlive/texmf-dist/tex/latex/pdftex-def/pdftex.def
File: pdftex.def 2011/05/27 v0.06d Graphics/color for pdfTeX

(/usr/share/texlive/texmf-dist/tex/generic/oberdiek/infwarerr.sty
Package: infwarerr 2010/04/08 v1.3 Providing info/warning/error messages (HO)
)
(/usr/share/texlive/texmf-dist/tex/generic/oberdiek/ltxcmds.sty
Package: ltxcmds 2011/11/09 v1.22 LaTeX kernel commands for general use (HO)
)
\Gread@gobject=\count102
))
\Gin@req@height=\dimen112
\Gin@req@width=\dimen113
)
(/usr/share/texlive/texmf-dist/tex/latex/adjustbox/adjustbox.sty
Package: adjustbox 2012/05/21 v1.0 Adjusting TeX boxes (trim, clip, ...)

(/usr/share/texlive/texmf-dist/tex/latex/xkeyval/xkeyval.sty
Package: xkeyval 2014/05/25 v2.7 package option processing (HA)

(/usr/share/texlive/texmf-dist/tex/generic/xkeyval/xkeyval.tex
(/usr/share/texlive/texmf-dist/tex/generic/xkeyval/xkvutils.tex
\XKV@toks=\toks25
\XKV@tempa@toks=\toks26
)
\XKV@depth=\count103
File: xkeyval.tex 2014/05/25 v2.7 key=value parser (HA)
))
(/usr/share/texlive/texmf-dist/tex/latex/adjustbox/adjcalc.sty
Package: adjcalc 2012/05/16 v1.1 Provides advanced setlength with multiple back
-ends (calc, etex, pgfmath)
)
(/usr/share/texlive/texmf-dist/tex/latex/adjustbox/trimclip.sty
Package: trimclip 2012/05/16 v1.0 Trim and clip general TeX material

(/usr/share/texlive/texmf-dist/tex/latex/collectbox/collectbox.sty
Package: collectbox 2012/05/17 v0.4b Collect macro arguments as boxes
\collectedbox=\box28
)
\tc@llx=\dimen114
\tc@lly=\dimen115
\tc@urx=\dimen116
\tc@ury=\dimen117
Package trimclip Info: Using driver 'tc-pdftex.def'.

(/usr/share/texlive/texmf-dist/tex/latex/adjustbox/tc-pdftex.def
File: tc-pdftex.def 2012/05/13 v1.0 Clipping driver for pdftex
))
\adjbox@Width=\dimen118
\adjbox@Height=\dimen119
\adjbox@Depth=\dimen120
\adjbox@Totalheight=\dimen121

(/usr/share/texlive/texmf-dist/tex/latex/ifoddpage/ifoddpage.sty
Package: ifoddpage 2011/09/13 v1.0 Conditionals for odd/even page detection
\c@checkoddpage=\count104
)
(/usr/share/texlive/texmf-dist/tex/latex/varwidth/varwidth.sty
Package: varwidth 2009/03/30 ver 0.92;  Variable-width minipages
\@vwid@box=\box29
\sift@deathcycles=\count105
\@vwid@loff=\dimen122
\@vwid@roff=\dimen123
))
(/usr/share/texlive/texmf-dist/tex/latex/float/float.sty
Package: float 2001/11/08 v1.3d Float enhancements (AL)
\c@float@type=\count106
\float@exts=\toks27
\float@box=\box30
\@float@everytoks=\toks28
\@floatcapt=\box31
)
(/usr/share/texlive/texmf-dist/tex/latex/amsfonts/amssymb.sty
Package: amssymb 2013/01/14 v3.01 AMS font symbols
)
(./17_02_13_full_report.aux

LaTeX Warning: Label `lu' multiply defined.


LaTeX Warning: Label `eq:dap1' multiply defined.


LaTeX Warning: Label `eq:dap1' multiply defined.


LaTeX Warning: Label `eq:dap1' multiply defined.


LaTeX Warning: Label `table:fluid' multiply defined.


LaTeX Warning: Label `table:fluid' multiply defined.


LaTeX Warning: Label `table:etransp' multiply defined.


LaTeX Warning: Label `table:etransp' multiply defined.

)
\openout1 = `17_02_13_full_report.aux'.

LaTeX Font Info:    Checking defaults for OML/cmm/m/it on input line 18.
LaTeX Font Info:    ... okay on input line 18.
LaTeX Font Info:    Checking defaults for T1/cmr/m/n on input line 18.
LaTeX Font Info:    ... okay on input line 18.
LaTeX Font Info:    Checking defaults for OT1/cmr/m/n on input line 18.
LaTeX Font Info:    ... okay on input line 18.
LaTeX Font Info:    Checking defaults for OMS/cmsy/m/n on input line 18.
LaTeX Font Info:    ... okay on input line 18.
LaTeX Font Info:    Checking defaults for OMX/cmex/m/n on input line 18.
LaTeX Font Info:    ... okay on input line 18.
LaTeX Font Info:    Checking defaults for U/cmr/m/n on input line 18.
LaTeX Font Info:    ... okay on input line 18.
 (/usr/share/texlive/texmf-dist/tex/latex/ucs/ucsencs.def
File: ucsencs.def 2011/01/21 Fixes to fontencodings LGR, T3
)
(/usr/share/texlive/texmf-dist/tex/context/base/supp-pdf.mkii
[Loading MPS to PDF converter (version 2006.09.02).]
\scratchcounter=\count107
\scratchdimen=\dimen124
\scratchbox=\box32
\nofMPsegments=\count108
\nofMParguments=\count109
\everyMPshowfont=\toks29
\MPscratchCnt=\count110
\MPscratchDim=\dimen125
\MPnumerator=\count111
\makeMPintoPDFobject=\count112
\everyMPtoPDFconversion=\toks30
) (/usr/share/texlive/texmf-dist/tex/generic/oberdiek/pdftexcmds.sty
Package: pdftexcmds 2011/11/29 v0.20 Utility functions of pdfTeX for LuaTeX (HO
)

(/usr/share/texlive/texmf-dist/tex/generic/oberdiek/ifluatex.sty
Package: ifluatex 2010/03/01 v1.3 Provides the ifluatex switch (HO)
Package ifluatex Info: LuaTeX not detected.
)
(/usr/share/texlive/texmf-dist/tex/generic/oberdiek/ifpdf.sty
Package: ifpdf 2011/01/30 v2.3 Provides the ifpdf switch (HO)
Package ifpdf Info: pdfTeX in PDF mode is detected.
)
Package pdftexcmds Info: LuaTeX not detected.
Package pdftexcmds Info: \pdf@primitive is available.
Package pdftexcmds Info: \pdf@ifprimitive is available.
Package pdftexcmds Info: \pdfdraftmode found.
)
(/usr/share/texlive/texmf-dist/tex/latex/oberdiek/epstopdf-base.sty
Package: epstopdf-base 2010/02/09 v2.5 Base part for package epstopdf

(/usr/share/texlive/texmf-dist/tex/latex/oberdiek/grfext.sty
Package: grfext 2010/08/19 v1.1 Manage graphics extensions (HO)

(/usr/share/texlive/texmf-dist/tex/generic/oberdiek/kvdefinekeys.sty
Package: kvdefinekeys 2011/04/07 v1.3 Define keys (HO)
))
(/usr/share/texlive/texmf-dist/tex/latex/oberdiek/kvoptions.sty
Package: kvoptions 2011/06/30 v3.11 Key value format for package options (HO)

(/usr/share/texlive/texmf-dist/tex/generic/oberdiek/kvsetkeys.sty
Package: kvsetkeys 2012/04/25 v1.16 Key value parser (HO)

(/usr/share/texlive/texmf-dist/tex/generic/oberdiek/etexcmds.sty
Package: etexcmds 2011/02/16 v1.5 Avoid name clashes with e-TeX commands (HO)
Package etexcmds Info: Could not find \expanded.
(etexcmds)             That can mean that you are not using pdfTeX 1.50 or
(etexcmds)             that some package has redefined \expanded.
(etexcmds)             In the latter case, load this package earlier.
)))
Package grfext Info: Graphics extension search list:
(grfext)             [.png,.pdf,.jpg,.mps,.jpeg,.jbig2,.jb2,.PNG,.PDF,.JPG,.JPE
G,.JBIG2,.JB2,.eps]
(grfext)             \AppendGraphicsExtensions on input line 452.

(/usr/share/texlive/texmf-dist/tex/latex/latexconfig/epstopdf-sys.cfg
File: epstopdf-sys.cfg 2010/07/13 v1.3 Configuration of (r)epstopdf for TeX Liv
e
))
LaTeX Font Info:    Try loading font information for U+msa on input line 19.

(/usr/share/texlive/texmf-dist/tex/latex/amsfonts/umsa.fd
File: umsa.fd 2013/01/14 v3.01 AMS symbols A
)
LaTeX Font Info:    Try loading font information for U+msb on input line 19.

(/usr/share/texlive/texmf-dist/tex/latex/amsfonts/umsb.fd
File: umsb.fd 2013/01/14 v3.01 AMS symbols B
) [1

{/var/lib/texmf/fonts/map/pdftex/updmap/pdftex.map}] [1]
Chapter 1.

Package natbib Warning: Citation `Saad03' on page 1 undefined on input line 31.



Package natbib Warning: Citation `Golub96' on page 1 undefined on input line 31
.

[1

] [2]
LaTeX Font Info:    Try loading font information for OMS+cmr on input line 139.

 (/usr/share/texlive/texmf-dist/tex/latex/base/omscmr.fd
File: omscmr.fd 2014/09/29 v2.5h Standard LaTeX font definitions
)
LaTeX Font Info:    Font shape `OMS/cmr/m/n' in size <10> not available
(Font)              Font shape `OMS/cmsy/m/n' tried instead on input line 139.
 [3] [4]
[5] [6] [7]
Chapter 2.
[8

]
Overfull \hbox (12.57877pt too wide) detected at line 379
\OML/cmm/m/it/10 U \OT1/cmr/m/n/10 = [] \OML/cmm/m/it/10 :
 []

[9] [10]
Overfull \hbox (4.0931pt too wide) in paragraph at lines 516--516
[]\OT1/cmr/bx/n/12 Cholesky De-com-po-si-tion for Sym-met-ric Pos-i-tive Def-
 []

[11] [12] [13] [14] [15] [16]
Underfull \hbox (badness 10000) in paragraph at lines 750--752

 []

(/usr/share/texlive/texmf-dist/tex/latex/ucs/data/uni-32.def
File: uni-32.def 2013/05/13 UCS: Unicode data U+2000..U+20FF
)
Overfull \hbox (24.26768pt too wide) in paragraph at lines 755--757
\OT1/cmr/m/n/10 With the Arnoldi's method, we can con-struct an or-thonor-mal b
a-sis $\OML/cmm/m/it/10 V \OT1/cmr/m/n/10 = [\OML/cmm/m/it/10 v[]; v[]; [] ; v[
]\OT1/cmr/m/n/10 ]$
 []

[17] [18]

Package natbib Warning: Citation `Tang08' on page 19 undefined on input line 86
0.

[19]

Package natbib Warning: Citation `Tang08' on page 20 undefined on input line 88
5.

[20]

Package natbib Warning: Citation `Vuik99' on page 21 undefined on input line 92
5.


Package natbib Warning: Citation `Clemens04' on page 21 undefined on input line
 928.


Package natbib Warning: Citation `Vuik02' on page 21 undefined on input line 93
6.


Package natbib Warning: Citation `Smith96' on page 21 undefined on input line 9
40.

[21] [22]
Chapter 3.

Overfull \hbox (14.67531pt too wide) detected at line 956
\OML/cmm/m/it/10 a[][] \OT1/cmr/m/n/10 + 2\OML/cmm/m/it/10 a[][] \OT1/cmr/m/n/1
0 + 2\OML/cmm/m/it/10 a[][] \OT1/cmr/m/n/10 + \OML/cmm/m/it/10 b[][] \OT1/cmr/m
/n/10 + \OML/cmm/m/it/10 b[][] \OT1/cmr/m/n/10 + \OML/cmm/m/it/10 cu\OT1/cmr/m/
n/10 (\OML/cmm/m/it/10 x; y\OT1/cmr/m/n/10 ) = \OML/cmm/m/it/10 f
 []

[23

] [24]
Overfull \hbox (25.67572pt too wide) detected at line 1058
\OML/cmm/m/it/10 A \OT1/cmr/m/n/10 = [] \OML/cmm/m/it/10 ;  b \OT1/cmr/m/n/10 =
 [] \OML/cmm/m/it/10 :
 []

[25] [26]
Chapter 4.
[27

]

Package natbib Warning: Citation `Jansen13' on page 28 undefined on input line 
1146.


Package natbib Warning: Citation `Cordazzo02' on page 28 undefined on input lin
e 1163.


Underfull \hbox (badness 10000) in paragraph at lines 1166--1171

 []

[28]
Overfull \hbox (37.86789pt too wide) detected at line 1181
[] \OT1/cmr/m/n/10 + \OMS/cmsy/m/n/10 r ^^A \OT1/cmr/m/n/10 (\OML/cmm/m/it/10 ^
^Z\OT1/cmr/m/n/10 (\OML/cmm/m/it/10 p\OT1/cmr/m/n/10 )\OML/cmm/m/it/10 v\OT1/cm
r/m/n/10 )[] = \OML/cmm/m/it/10 q[];  v[] \OT1/cmr/m/n/10 = \OMS/cmsy/m/n/10 ^^
@[]\OT1/cmr/m/n/10 (\OMS/cmsy/m/n/10 r\OT1/cmr/m/n/10 (\OML/cmm/m/it/10 p[]\OT1
/cmr/m/n/10 ) \OMS/cmsy/m/n/10 ^^@ \OML/cmm/m/it/10 g^^Z[]\OMS/cmsy/m/n/10 r\OM
L/cmm/m/it/10 z\OT1/cmr/m/n/10 )\OML/cmm/m/it/10 :
 []


Underfull \hbox (badness 10000) in paragraph at lines 1197--1205

 []


Underfull \hbox (badness 10000) in paragraph at lines 1207--1213

 []

[29]
Underfull \hbox (badness 10000) in paragraph at lines 1215--1219

 []


Underfull \hbox (badness 10000) in paragraph at lines 1232--1236

 []


LaTeX Warning: Reference `syseq' on page 30 undefined on input line 1243.


Overfull \hbox (1.32202pt too wide) in paragraph at lines 1238--1245
\OT1/cmr/m/n/10 with $\OT1/cmr/bx/n/10 b\OT1/cmr/m/n/10 (\OT1/cmr/bx/n/10 p[]\O
T1/cmr/m/n/10 )$ be-ing the func-tion eval-u-ated at it-er-a-tion step $\OML/cm
m/m/it/10 k$\OT1/cmr/m/n/10 , $\OT1/cmr/bx/n/10 b\OT1/cmr/m/n/10 (\OT1/cmr/bx/n
/10 p[]\OT1/cmr/m/n/10 ) = \OMS/cmsy/m/n/10 ^^@\OT1/cmr/bx/n/10 F\OT1/cmr/m/n/1
0 (\OT1/cmr/bx/n/10 p[]\OT1/cmr/m/n/10 ; \OT1/cmr/bx/n/10 p[]\OT1/cmr/m/n/10 )$
. 
 []


Overfull \hbox (76.15399pt too wide) in paragraph at lines 1248--1264
[][] 
 []


LaTeX Warning: `!h' float specifier changed to `!ht'.


LaTeX Warning: Reference `ceq4' on page 30 undefined on input line 1269.

[30] (/usr/share/texlive/texmf-dist/tex/latex/ucs/data/uninames.dat
File: uninames.dat 2013/05/13 UCS: Unicode character names, compressed
)

! Package ucs Error: Unknown Unicode character 61542 = U+F066,
(ucs)                possibly declared in uni-240.def.
(ucs)                Type H to see if it is available with options.

See the ucs package documentation for explanation.
Type  H <return>  for immediate help.
 ...                                              
                                                  
l.1288 ...ows that the constant coefficient Vct
                                                  0 has been replaced
Unicode character 61542 = U+F066:
Contained in range 'Private Use'
Character is not defined in uni-*.def files.
Enter I!<RET> to define the glyph.

(/usr/share/texlive/texmf-dist/tex/latex/ucs/data/uninames.dat
File: uninames.dat 2013/05/13 UCS: Unicode character names, compressed
)

! Package ucs Error: Unknown Unicode character 61554 = U+F072,
(ucs)                possibly declared in uni-240.def.
(ucs)                Type H to see if it is available with options.

See the ucs package documentation for explanation.
Type  H <return>  for immediate help.
 ...                                              
                                                  
l.1289 ...which, moreover, contains an element 
                                                  k+1 that should be
Unicode character 61554 = U+F072:
Contained in range 'Private Use'
Character is not defined in uni-*.def files.
Enter I!<RET> to define the glyph.


Overfull \hbox (13.36131pt too wide) in paragraph at lines 1287--1296
\OT1/cmr/m/n/10 'Comparison with equa-tion (1.38) shows that the con-stant co-e
f-fi-cient Vct\OT1/cmtt/m/n/10 [U+F066]\OT1/cmr/m/n/10 0
 []

[31] [32] (/usr/share/texlive/texmf-dist/tex/latex/ucs/data/uni-34.def
File: uni-34.def 2013/05/13 UCS: Unicode data U+2200..U+22FF
)
[33] [34] [35]
Underfull \hbox (badness 10000) in paragraph at lines 1500--1515

 []

[36]
Underfull \hbox (badness 10000) in paragraph at lines 1563--1567

 []


Overfull \hbox (1.32202pt too wide) in paragraph at lines 1569--1571
\OT1/cmr/m/n/10 with $\OT1/cmr/bx/n/10 b\OT1/cmr/m/n/10 (\OT1/cmr/bx/n/10 S[]\O
T1/cmr/m/n/10 )$ be-ing the func-tion eval-u-ated at it-er-a-tion step $\OML/cm
m/m/it/10 k$\OT1/cmr/m/n/10 , $\OT1/cmr/bx/n/10 b\OT1/cmr/m/n/10 (\OT1/cmr/bx/n
/10 S[]\OT1/cmr/m/n/10 ) = \OMS/cmsy/m/n/10 ^^@\OT1/cmr/bx/n/10 F\OT1/cmr/m/n/1
0 (\OT1/cmr/bx/n/10 S[]\OT1/cmr/m/n/10 ; \OT1/cmr/bx/n/10 S[]\OT1/cmr/m/n/10 )$
. 
 []


Underfull \hbox (badness 10000) in paragraph at lines 1569--1571

 []

[37]
Chapter 5.

Package natbib Warning: Citation `Mark06' on page 38 undefined on input line 16
08.


Package natbib Warning: Citation `Astrid11' on page 38 undefined on input line 
1608.


Package natbib Warning: Citation `Mark06' on page 38 undefined on input line 16
09.


Package natbib Warning: Citation `Astrid11' on page 38 undefined on input line 
1639.

[38

]
Underfull \hbox (badness 10000) in paragraph at lines 1655--1662

 []


Package natbib Warning: Citation `Gharbi97' on page 39 undefined on input line 
1667.


Package natbib Warning: Citation `Heijn03' on page 39 undefined on input line 1
667.


Package natbib Warning: Citation `Vermeulen04' on page 39 undefined on input li
ne 1667.


Package natbib Warning: Citation `Mark06' on page 39 undefined on input line 16
72.


Overfull \hbox (2.33398pt too wide) in paragraph at lines 1664--1673
\OT1/cmr/m/n/10 The Proper Or-thog-o-nal De-com-po-si-tion method is also known
 with sev-eral names,
 []

[39]
Underfull \hbox (badness 10000) in paragraph at lines 1707--1711

 []


Package natbib Warning: Citation `Mark06' on page 40 undefined on input line 17
14.


Package natbib Warning: Citation `Astrid11' on page 40 undefined on input line 
1731.


Package natbib Warning: Citation `vanEssen09' on page 40 undefined on input lin
e 1735.


Underfull \hbox (badness 10000) in paragraph at lines 1731--1743

 []

[40]

Package natbib Warning: Citation `Jiang13' on page 41 undefined on input line 1
744.

[41]
Appendix A.

Package natbib Warning: Citation `Lie13' on page 42 undefined on input line 176
3.


Underfull \hbox (badness 10000) in paragraph at lines 1773--1776

 []


Underfull \hbox (badness 10000) in paragraph at lines 1779--1789

 []


</home/wagm/cortes/Desktop/work/writing/pics/cartGrid3d.jpg, id=164, 562.1pt x 
421.575pt>
File: /home/wagm/cortes/Desktop/work/writing/pics/cartGrid3d.jpg Graphic file (
type jpg)
 <use /home/wagm/cortes/Desktop/work/writing/pics/cartGrid3d.jpg>
Package pdftex.def Info: /home/wagm/cortes/Desktop/work/writing/pics/cartGrid3d
.jpg used on input line 1810.
(pdftex.def)             Requested size: 170.7155pt x 128.03662pt.

</home/wagm/cortes/Desktop/work/writing/pics/rectGrid2d.jpg, id=165, 562.1pt x 
421.575pt>
File: /home/wagm/cortes/Desktop/work/writing/pics/rectGrid2d.jpg Graphic file (
type jpg)
 <use /home/wagm/cortes/Desktop/work/writing/pics/rectGrid2d.jpg>
Package pdftex.def Info: /home/wagm/cortes/Desktop/work/writing/pics/rectGrid2d
.jpg used on input line 1816.
(pdftex.def)             Requested size: 170.7155pt x 128.03662pt.

Overfull \hbox (34.5021pt too wide) in paragraph at lines 1808--1820
 []$[]$$[]$ 
 []

[42

]
Underfull \hbox (badness 10000) in paragraph at lines 1822--1825

 []


Overfull \hbox (1.75064pt too wide) in paragraph at lines 1854--1860
\OT1/cmr/m/n/10 cally, the face in-for-ma-tion of cell i is found in the sub-ma
-trix faces(facePos(i)
 []

[43 </home/wagm/cortes/Desktop/work/writing/pics/cartGrid3d.jpg> </home/wagm/co
rtes/Desktop/work/writing/pics/rectGrid2d.jpg>]
Underfull \hbox (badness 10000) in paragraph at lines 1895--1923

 []


Underfull \hbox (badness 10000) in paragraph at lines 1895--1923

 []


Underfull \hbox (badness 10000) in paragraph at lines 1895--1923

 []


Underfull \hbox (badness 10000) in paragraph at lines 1895--1923

 []

[44]
</home/wagm/cortes/Desktop/work/writing/pics/gaussianf2d.jpg, id=175, 562.1pt x
 421.575pt>
File: /home/wagm/cortes/Desktop/work/writing/pics/gaussianf2d.jpg Graphic file 
(type jpg)
 <use /home/wagm/cortes/Desktop/work/writing/pics/gaussianf2d.jpg>
Package pdftex.def Info: /home/wagm/cortes/Desktop/work/writing/pics/gaussianf2
d.jpg used on input line 1932.
(pdftex.def)             Requested size: 170.7155pt x 128.03662pt.

</home/wagm/cortes/Desktop/work/writing/pics/layerspor3d.jpg, id=176, 562.1pt x
 421.575pt>
File: /home/wagm/cortes/Desktop/work/writing/pics/layerspor3d.jpg Graphic file 
(type jpg)
 <use /home/wagm/cortes/Desktop/work/writing/pics/layerspor3d.jpg>
Package pdftex.def Info: /home/wagm/cortes/Desktop/work/writing/pics/layerspor3
d.jpg used on input line 1938.
(pdftex.def)             Requested size: 170.7155pt x 128.03662pt.

Overfull \hbox (34.5021pt too wide) in paragraph at lines 1931--1942
 []$[]$$[]$ 
 []


Underfull \hbox (badness 10000) in paragraph at lines 1944--1973

 []


Underfull \hbox (badness 10000) in paragraph at lines 1944--1973

 []


Underfull \hbox (badness 10000) in paragraph at lines 1944--1973

 []


Underfull \hbox (badness 10000) in paragraph at lines 1944--1973

 []

[45 </home/wagm/cortes/Desktop/work/writing/pics/gaussianf2d.jpg> </home/wagm/c
ortes/Desktop/work/writing/pics/layerspor3d.jpg>]
Underfull \hbox (badness 10000) in paragraph at lines 1975--1997

 []


Underfull \hbox (badness 10000) in paragraph at lines 1975--1997

 []


Underfull \hbox (badness 10000) in paragraph at lines 1975--1997

 []

[46]
Underfull \hbox (badness 10000) in paragraph at lines 2017--2033

 []


Underfull \hbox (badness 10000) in paragraph at lines 2017--2033

 []


Underfull \hbox (badness 10000) in paragraph at lines 2017--2033

 []


Underfull \hbox (badness 10000) in paragraph at lines 2017--2033

 []


Underfull \hbox (badness 10000) in paragraph at lines 2034--2042

 []


Underfull \hbox (badness 10000) in paragraph at lines 2034--2042

 []


Underfull \hbox (badness 10000) in paragraph at lines 2049--2058

 []


Underfull \hbox (badness 10000) in paragraph at lines 2049--2058

 []

[47]

LaTeX Warning: Reference `fig:12' on page 48 undefined on input line 2079.


Underfull \hbox (badness 10000) in paragraph at lines 2109--2111

 []


LaTeX Warning: Reference `htrans' on page 48 undefined on input line 2113.


Underfull \hbox (badness 10000) in paragraph at lines 2112--2128

 []


Underfull \hbox (badness 10000) in paragraph at lines 2112--2128

 []


Underfull \hbox (badness 10000) in paragraph at lines 2112--2128

 []


Underfull \hbox (badness 10000) in paragraph at lines 2112--2128

 []

[48]
Underfull \hbox (badness 10000) in paragraph at lines 2174--2195

 []

[49]
No file 17_02_13_full_report.bbl.

Package natbib Warning: There were undefined citations.

[50] [51] (./17_02_13_full_report.aux)

LaTeX Warning: There were undefined references.


LaTeX Warning: There were multiply-defined labels.

 ) 
Here is how much of TeX's memory you used:
 4865 strings out of 494409
 66088 string characters out of 6164778
 133042 words of memory out of 5000000
 8006 multiletter control sequences out of 15000+600000
 15180 words of font info for 57 fonts, out of 8000000 for 9000
 372 hyphenation exceptions out of 8191
 38i,14n,35p,422b,500s stack positions out of 5000i,500n,10000p,200000b,80000s
</usr/share/texlive/texmf-dist/fonts/type1/public/amsfonts/cm/cmbx10.pfb></us
r/share/texlive/texmf-dist/fonts/type1/public/amsfonts/cm/cmbx12.pfb></usr/shar
e/texlive/texmf-dist/fonts/type1/public/amsfonts/cm/cmbx7.pfb></usr/share/texli
ve/texmf-dist/fonts/type1/public/amsfonts/cm/cmbxti10.pfb></usr/share/texlive/t
exmf-dist/fonts/type1/public/amsfonts/cm/cmex10.pfb></usr/share/texlive/texmf-d
ist/fonts/type1/public/amsfonts/cm/cmmi10.pfb></usr/share/texlive/texmf-dist/fo
nts/type1/public/amsfonts/cm/cmmi5.pfb></usr/share/texlive/texmf-dist/fonts/typ
e1/public/amsfonts/cm/cmmi6.pfb></usr/share/texlive/texmf-dist/fonts/type1/publ
ic/amsfonts/cm/cmmi7.pfb></usr/share/texlive/texmf-dist/fonts/type1/public/amsf
onts/cm/cmmi8.pfb></usr/share/texlive/texmf-dist/fonts/type1/public/amsfonts/cm
/cmr10.pfb></usr/share/texlive/texmf-dist/fonts/type1/public/amsfonts/cm/cmr12.
pfb></usr/share/texlive/texmf-dist/fonts/type1/public/amsfonts/cm/cmr17.pfb></u
sr/share/texlive/texmf-dist/fonts/type1/public/amsfonts/cm/cmr5.pfb></usr/share
/texlive/texmf-dist/fonts/type1/public/amsfonts/cm/cmr6.pfb></usr/share/texlive
/texmf-dist/fonts/type1/public/amsfonts/cm/cmr7.pfb></usr/share/texlive/texmf-d
ist/fonts/type1/public/amsfonts/cm/cmr8.pfb></usr/share/texlive/texmf-dist/font
s/type1/public/amsfonts/cm/cmsy10.pfb></usr/share/texlive/texmf-dist/fonts/type
1/public/amsfonts/cm/cmsy5.pfb></usr/share/texlive/texmf-dist/fonts/type1/publi
c/amsfonts/cm/cmsy7.pfb></usr/share/texlive/texmf-dist/fonts/type1/public/amsfo
nts/cm/cmti10.pfb></usr/share/texlive/texmf-dist/fonts/type1/public/amsfonts/cm
/cmti8.pfb></usr/share/texlive/texmf-dist/fonts/type1/public/amsfonts/cm/cmtt10
.pfb></usr/share/texlive/texmf-dist/fonts/type1/public/amsfonts/symbols/msbm10.
pfb></usr/share/texlive/texmf-dist/fonts/type1/public/amsfonts/symbols/msbm7.pf
b>
Output written on 17_02_13_full_report.pdf (53 pages, 602536 bytes).
PDF statistics:
 280 PDF objects out of 1000 (max. 8388607)
 194 compressed objects within 2 object streams
 0 named destinations out of 1000 (max. 500000)
 21 words of extra memory for PDF output out of 10000 (max. 10000000)

