This is pdfTeX, Version 3.14159265-2.6-1.40.15 (TeX Live 2015/dev/Debian) (preloaded format=pdflatex 2016.1.5)  10 OCT 2016 12:26
entering extended mode
 restricted \write18 enabled.
 %&-line parsing enabled.
**main.tex
(./main.tex
LaTeX2e <2014/05/01>
Babel <3.9l> and hyphenation patterns for 29 languages loaded.
(/usr/share/texlive/texmf-dist/tex/latex/base/article.cls
Document Class: article 2014/09/29 v1.4h Standard LaTeX document class
(/usr/share/texlive/texmf-dist/tex/latex/base/size12.clo
File: size12.clo 2014/09/29 v1.4h Standard LaTeX file (size option)
)
\c@part=\count79
\c@section=\count80
\c@subsection=\count81
\c@subsubsection=\count82
\c@paragraph=\count83
\c@subparagraph=\count84
\c@figure=\count85
\c@table=\count86
\abovecaptionskip=\skip41
\belowcaptionskip=\skip42
\bibindent=\dimen102
)
(/usr/share/texlive/texmf-dist/tex/latex/base/inputenc.sty
Package: inputenc 2014/04/30 v1.2b Input encoding file
\inpenc@prehook=\toks14
\inpenc@posthook=\toks15

(/usr/share/texlive/texmf-dist/tex/latex/ucs/utf8x.def
File: utf8x.def 2004/10/17 UCS: Input encoding UTF-8
))
(/usr/share/texlive/texmf-dist/tex/latex/ucs/ucs.sty
Package: ucs 2013/05/11 v2.2 UCS: Unicode input support

(/usr/share/texlive/texmf-dist/tex/latex/ucs/data/uni-global.def
File: uni-global.def 2013/05/13 UCS: Unicode global data
)
\uc@secondtry=\count87
\uc@combtoks=\toks16
\uc@combtoksb=\toks17
\uc@temptokena=\toks18
)
(/usr/share/texlive/texmf-dist/tex/latex/amsmath/amsmath.sty
Package: amsmath 2013/01/14 v2.14 AMS math features
\@mathmargin=\skip43

For additional information on amsmath, use the `?' option.
(/usr/share/texlive/texmf-dist/tex/latex/amsmath/amstext.sty
Package: amstext 2000/06/29 v2.01

(/usr/share/texlive/texmf-dist/tex/latex/amsmath/amsgen.sty
File: amsgen.sty 1999/11/30 v2.0
\@emptytoks=\toks19
\ex@=\dimen103
))
(/usr/share/texlive/texmf-dist/tex/latex/amsmath/amsbsy.sty
Package: amsbsy 1999/11/29 v1.2d
\pmbraise@=\dimen104
)
(/usr/share/texlive/texmf-dist/tex/latex/amsmath/amsopn.sty
Package: amsopn 1999/12/14 v2.01 operator names
)
\inf@bad=\count88
LaTeX Info: Redefining \frac on input line 210.
\uproot@=\count89
\leftroot@=\count90
LaTeX Info: Redefining \overline on input line 306.
\classnum@=\count91
\DOTSCASE@=\count92
LaTeX Info: Redefining \ldots on input line 378.
LaTeX Info: Redefining \dots on input line 381.
LaTeX Info: Redefining \cdots on input line 466.
\Mathstrutbox@=\box26
\strutbox@=\box27
\big@size=\dimen105
LaTeX Font Info:    Redeclaring font encoding OML on input line 566.
LaTeX Font Info:    Redeclaring font encoding OMS on input line 567.
\macc@depth=\count93
\c@MaxMatrixCols=\count94
\dotsspace@=\muskip10
\c@parentequation=\count95
\dspbrk@lvl=\count96
\tag@help=\toks20
\row@=\count97
\column@=\count98
\maxfields@=\count99
\andhelp@=\toks21
\eqnshift@=\dimen106
\alignsep@=\dimen107
\tagshift@=\dimen108
\tagwidth@=\dimen109
\totwidth@=\dimen110
\lineht@=\dimen111
\@envbody=\toks22
\multlinegap=\skip44
\multlinetaggap=\skip45
\mathdisplay@stack=\toks23
LaTeX Info: Redefining \[ on input line 2665.
LaTeX Info: Redefining \] on input line 2666.
)
(/usr/share/texlive/texmf-dist/tex/latex/amsfonts/amsfonts.sty
Package: amsfonts 2013/01/14 v3.01 Basic AMSFonts support
\symAMSa=\mathgroup4
\symAMSb=\mathgroup5
LaTeX Font Info:    Overwriting math alphabet `\mathfrak' in version `bold'
(Font)                  U/euf/m/n --> U/euf/b/n on input line 106.
)
(/usr/share/texlive/texmf-dist/tex/latex/jknapltx/mathrsfs.sty
Package: mathrsfs 1996/01/01 Math RSFS package v1.0 (jk)
\symrsfs=\mathgroup6
)
(/usr/share/texlive/texmf-dist/tex/latex/natbib/natbib.sty
Package: natbib 2010/09/13 8.31b (PWD, AO)
\bibhang=\skip46
\bibsep=\skip47
LaTeX Info: Redefining \cite on input line 694.
\c@NAT@ctr=\count100
)
(/usr/share/texlive/texmf-dist/tex/latex/graphics/graphicx.sty
Package: graphicx 2014/04/25 v1.0g Enhanced LaTeX Graphics (DPC,SPQR)

(/usr/share/texlive/texmf-dist/tex/latex/graphics/keyval.sty
Package: keyval 2014/05/08 v1.15 key=value parser (DPC)
\KV@toks@=\toks24
)
(/usr/share/texlive/texmf-dist/tex/latex/graphics/graphics.sty
Package: graphics 2009/02/05 v1.0o Standard LaTeX Graphics (DPC,SPQR)

(/usr/share/texlive/texmf-dist/tex/latex/graphics/trig.sty
Package: trig 1999/03/16 v1.09 sin cos tan (DPC)
)
(/usr/share/texlive/texmf-dist/tex/latex/latexconfig/graphics.cfg
File: graphics.cfg 2010/04/23 v1.9 graphics configuration of TeX Live
)
Package graphics Info: Driver file: pdftex.def on input line 91.

(/usr/share/texlive/texmf-dist/tex/latex/pdftex-def/pdftex.def
File: pdftex.def 2011/05/27 v0.06d Graphics/color for pdfTeX

(/usr/share/texlive/texmf-dist/tex/generic/oberdiek/infwarerr.sty
Package: infwarerr 2010/04/08 v1.3 Providing info/warning/error messages (HO)
)
(/usr/share/texlive/texmf-dist/tex/generic/oberdiek/ltxcmds.sty
Package: ltxcmds 2011/11/09 v1.22 LaTeX kernel commands for general use (HO)
)
\Gread@gobject=\count101
))
\Gin@req@height=\dimen112
\Gin@req@width=\dimen113
)
(/usr/share/texlive/texmf-dist/tex/latex/adjustbox/adjustbox.sty
Package: adjustbox 2012/05/21 v1.0 Adjusting TeX boxes (trim, clip, ...)

(/usr/share/texlive/texmf-dist/tex/latex/xkeyval/xkeyval.sty
Package: xkeyval 2014/05/25 v2.7 package option processing (HA)

(/usr/share/texlive/texmf-dist/tex/generic/xkeyval/xkeyval.tex
(/usr/share/texlive/texmf-dist/tex/generic/xkeyval/xkvutils.tex
\XKV@toks=\toks25
\XKV@tempa@toks=\toks26
)
\XKV@depth=\count102
File: xkeyval.tex 2014/05/25 v2.7 key=value parser (HA)
))
(/usr/share/texlive/texmf-dist/tex/latex/adjustbox/adjcalc.sty
Package: adjcalc 2012/05/16 v1.1 Provides advanced setlength with multiple back
-ends (calc, etex, pgfmath)
)
(/usr/share/texlive/texmf-dist/tex/latex/adjustbox/trimclip.sty
Package: trimclip 2012/05/16 v1.0 Trim and clip general TeX material

(/usr/share/texlive/texmf-dist/tex/latex/collectbox/collectbox.sty
Package: collectbox 2012/05/17 v0.4b Collect macro arguments as boxes
\collectedbox=\box28
)
\tc@llx=\dimen114
\tc@lly=\dimen115
\tc@urx=\dimen116
\tc@ury=\dimen117
Package trimclip Info: Using driver 'tc-pdftex.def'.

(/usr/share/texlive/texmf-dist/tex/latex/adjustbox/tc-pdftex.def
File: tc-pdftex.def 2012/05/13 v1.0 Clipping driver for pdftex
))
\adjbox@Width=\dimen118
\adjbox@Height=\dimen119
\adjbox@Depth=\dimen120
\adjbox@Totalheight=\dimen121

(/usr/share/texlive/texmf-dist/tex/latex/ifoddpage/ifoddpage.sty
Package: ifoddpage 2011/09/13 v1.0 Conditionals for odd/even page detection
\c@checkoddpage=\count103
)
(/usr/share/texlive/texmf-dist/tex/latex/varwidth/varwidth.sty
Package: varwidth 2009/03/30 ver 0.92;  Variable-width minipages
\@vwid@box=\box29
\sift@deathcycles=\count104
\@vwid@loff=\dimen122
\@vwid@roff=\dimen123
))
(/usr/share/texlive/texmf-dist/tex/latex/float/float.sty
Package: float 2001/11/08 v1.3d Float enhancements (AL)
\c@float@type=\count105
\float@exts=\toks27
\float@box=\box30
\@float@everytoks=\toks28
\@floatcapt=\box31
)
(/usr/share/texlive/texmf-dist/tex/latex/caption/caption.sty
Package: caption 2013/05/02 v3.3-89 Customizing captions (AR)

(/usr/share/texlive/texmf-dist/tex/latex/caption/caption3.sty
Package: caption3 2013/05/02 v1.6-88 caption3 kernel (AR)
Package caption3 Info: TeX engine: e-TeX on input line 57.
\captionmargin=\dimen124
\captionmargin@=\dimen125
\captionwidth=\dimen126
\caption@tempdima=\dimen127
\caption@indent=\dimen128
\caption@parindent=\dimen129
\caption@hangindent=\dimen130
)
\c@ContinuedFloat=\count106
Package caption Info: float package is loaded.
)
(/usr/share/texlive/texmf-dist/tex/latex/wrapfig/wrapfig.sty
\wrapoverhang=\dimen131
\WF@size=\dimen132
\c@WF@wrappedlines=\count107
\WF@box=\box32
\WF@everypar=\toks29
Package: wrapfig 2003/01/31  v 3.6
)
(/usr/share/texlive/texmf-dist/tex/latex/preprint/authblk.sty
Package: authblk 2001/02/27 1.3 (PWD)
\affilsep=\skip48
\@affilsep=\skip49
\c@Maxaffil=\count108
\c@authors=\count109
\c@affil=\count110
)
(/usr/share/texlive/texmf-dist/tex/latex/subfigure/subfigure.sty
Package: subfigure 2002/03/15 v2.1.5 subfigure package
\subfigtopskip=\skip50
\subfigcapskip=\skip51
\subfigcaptopadj=\dimen133
\subfigbottomskip=\skip52
\subfigcapmargin=\dimen134
\subfiglabelskip=\skip53
\c@subfigure=\count111
\c@lofdepth=\count112
\c@subtable=\count113
\c@lotdepth=\count114

****************************************
* Local config file subfigure.cfg used *
****************************************
(/usr/share/texlive/texmf-dist/tex/latex/subfigure/subfigure.cfg)
\subfig@top=\skip54
\subfig@bottom=\skip55
)
(/usr/share/texlive/texmf-dist/tex/latex/psnfss/pifont.sty
Package: pifont 2005/04/12 PSNFSS-v9.2a Pi font support (SPQR) 
LaTeX Font Info:    Try loading font information for U+pzd on input line 63.

(/usr/share/texlive/texmf-dist/tex/latex/psnfss/upzd.fd
File: upzd.fd 2001/06/04 font definitions for U/pzd.
)
LaTeX Font Info:    Try loading font information for U+psy on input line 64.

(/usr/share/texlive/texmf-dist/tex/latex/psnfss/upsy.fd
File: upsy.fd 2001/06/04 font definitions for U/psy.
))
(/usr/share/texlive/texmf-dist/tex/latex/a4wide/a4wide.sty
Package: a4wide 1994/08/30

(/usr/share/texlive/texmf-dist/tex/latex/ntgclass/a4.sty
Package: a4 2004/04/15 v1.2g A4 based page layout
)) (./main.aux

LaTeX Warning: Label `eq:CGm' multiply defined.


LaTeX Warning: Label `eq:conv' multiply defined.


LaTeX Warning: Label `table:case2' multiply defined.

)
\openout1 = `main.aux'.

LaTeX Font Info:    Checking defaults for OML/cmm/m/it on input line 29.
LaTeX Font Info:    ... okay on input line 29.
LaTeX Font Info:    Checking defaults for T1/cmr/m/n on input line 29.
LaTeX Font Info:    ... okay on input line 29.
LaTeX Font Info:    Checking defaults for OT1/cmr/m/n on input line 29.
LaTeX Font Info:    ... okay on input line 29.
LaTeX Font Info:    Checking defaults for OMS/cmsy/m/n on input line 29.
LaTeX Font Info:    ... okay on input line 29.
LaTeX Font Info:    Checking defaults for OMX/cmex/m/n on input line 29.
LaTeX Font Info:    ... okay on input line 29.
LaTeX Font Info:    Checking defaults for U/cmr/m/n on input line 29.
LaTeX Font Info:    ... okay on input line 29.
 (/usr/share/texlive/texmf-dist/tex/latex/ucs/ucsencs.def
File: ucsencs.def 2011/01/21 Fixes to fontencodings LGR, T3
)
(/usr/share/texlive/texmf-dist/tex/context/base/supp-pdf.mkii
[Loading MPS to PDF converter (version 2006.09.02).]
\scratchcounter=\count115
\scratchdimen=\dimen135
\scratchbox=\box33
\nofMPsegments=\count116
\nofMParguments=\count117
\everyMPshowfont=\toks30
\MPscratchCnt=\count118
\MPscratchDim=\dimen136
\MPnumerator=\count119
\makeMPintoPDFobject=\count120
\everyMPtoPDFconversion=\toks31
) (/usr/share/texlive/texmf-dist/tex/generic/oberdiek/pdftexcmds.sty
Package: pdftexcmds 2011/11/29 v0.20 Utility functions of pdfTeX for LuaTeX (HO
)

(/usr/share/texlive/texmf-dist/tex/generic/oberdiek/ifluatex.sty
Package: ifluatex 2010/03/01 v1.3 Provides the ifluatex switch (HO)
Package ifluatex Info: LuaTeX not detected.
)
(/usr/share/texlive/texmf-dist/tex/generic/oberdiek/ifpdf.sty
Package: ifpdf 2011/01/30 v2.3 Provides the ifpdf switch (HO)
Package ifpdf Info: pdfTeX in PDF mode is detected.
)
Package pdftexcmds Info: LuaTeX not detected.
Package pdftexcmds Info: \pdf@primitive is available.
Package pdftexcmds Info: \pdf@ifprimitive is available.
Package pdftexcmds Info: \pdfdraftmode found.
)
(/usr/share/texlive/texmf-dist/tex/latex/oberdiek/epstopdf-base.sty
Package: epstopdf-base 2010/02/09 v2.5 Base part for package epstopdf

(/usr/share/texlive/texmf-dist/tex/latex/oberdiek/grfext.sty
Package: grfext 2010/08/19 v1.1 Manage graphics extensions (HO)

(/usr/share/texlive/texmf-dist/tex/generic/oberdiek/kvdefinekeys.sty
Package: kvdefinekeys 2011/04/07 v1.3 Define keys (HO)
))
(/usr/share/texlive/texmf-dist/tex/latex/oberdiek/kvoptions.sty
Package: kvoptions 2011/06/30 v3.11 Key value format for package options (HO)

(/usr/share/texlive/texmf-dist/tex/generic/oberdiek/kvsetkeys.sty
Package: kvsetkeys 2012/04/25 v1.16 Key value parser (HO)

(/usr/share/texlive/texmf-dist/tex/generic/oberdiek/etexcmds.sty
Package: etexcmds 2011/02/16 v1.5 Avoid name clashes with e-TeX commands (HO)
Package etexcmds Info: Could not find \expanded.
(etexcmds)             That can mean that you are not using pdfTeX 1.50 or
(etexcmds)             that some package has redefined \expanded.
(etexcmds)             In the latter case, load this package earlier.
)))
Package grfext Info: Graphics extension search list:
(grfext)             [.png,.pdf,.jpg,.mps,.jpeg,.jbig2,.jb2,.PNG,.PDF,.JPG,.JPE
G,.JBIG2,.JB2,.eps]
(grfext)             \AppendGraphicsExtensions on input line 452.

(/usr/share/texlive/texmf-dist/tex/latex/latexconfig/epstopdf-sys.cfg
File: epstopdf-sys.cfg 2010/07/13 v1.3 Configuration of (r)epstopdf for TeX Liv
e
))
Package caption Info: Begin \AtBeginDocument code.
Package caption Info: subfigure package is loaded.
Package caption Info: wrapfig package is loaded.
Package caption Info: End \AtBeginDocument code.
LaTeX Font Info:    Try loading font information for U+msa on input line 35.

(/usr/share/texlive/texmf-dist/tex/latex/amsfonts/umsa.fd
File: umsa.fd 2013/01/14 v3.01 AMS symbols A
)
LaTeX Font Info:    Try loading font information for U+msb on input line 35.

(/usr/share/texlive/texmf-dist/tex/latex/amsfonts/umsb.fd
File: umsb.fd 2013/01/14 v3.01 AMS symbols B
)
LaTeX Font Info:    Try loading font information for U+rsfs on input line 35.

(/usr/share/texlive/texmf-dist/tex/latex/jknapltx/ursfs.fd
File: ursfs.fd 1998/03/24 rsfs font definition file (jk)
)
Underfull \hbox (badness 10000) in paragraph at lines 37--40

 []

[1

{/var/lib/texmf/fonts/map/pdftex/updmap/pdftex.map}] [2]
Underfull \hbox (badness 10000) in paragraph at lines 73--77

 []

[3] [4]
Underfull \hbox (badness 10000) in paragraph at lines 170--174

 []


Overfull \hbox (31.71028pt too wide) in paragraph at lines 181--194
[][] 
 []

[5] [6]
Underfull \hbox (badness 10000) in paragraph at lines 257--258

 []

[7] [8] [9]
Underfull \hbox (badness 10000) in paragraph at lines 374--375

 []

[10]
Underfull \hbox (badness 10000) in paragraph at lines 454--463

 []

[11] [12] [13]
Underfull \hbox (badness 10000) in paragraph at lines 558--560

 []

[14] [15] [16]
Underfull \hbox (badness 10000) in paragraph at lines 657--680

 []

[17]
LaTeX Font Info:    Try loading font information for OMS+cmr on input line 681.

 (/usr/share/texlive/texmf-dist/tex/latex/base/omscmr.fd
File: omscmr.fd 2014/09/29 v2.5h Standard LaTeX font definitions
)
LaTeX Font Info:    Font shape `OMS/cmr/m/n' in size <12> not available
(Font)              Font shape `OMS/cmsy/m/n' tried instead on input line 681.

Underfull \hbox (badness 10000) in paragraph at lines 688--707

 []


Underfull \hbox (badness 10000) in paragraph at lines 688--707

 []

[18]
Underfull \hbox (badness 10000) in paragraph at lines 707--710

 []


Underfull \hbox (badness 10000) in paragraph at lines 707--710

 []

[19] <perm_he_1.jpg, id=85, 481.8pt x 382.42876pt>
File: perm_he_1.jpg Graphic file (type jpg)
 <use perm_he_1.jpg>
Package pdftex.def Info: perm_he_1.jpg used on input line 761.
(pdftex.def)             Requested size: 122.34642pt x 97.11247pt.

Underfull \hbox (badness 2932) in paragraph at lines 763--763
[]\OT1/cmr/m/n/10 Figure 1: |Het-ero-ge-neous
 []

[20] <conv_4w.jpg, id=90, 1204.5pt x 903.375pt>
File: conv_4w.jpg Graphic file (type jpg)
 <use conv_4w.jpg>
Package pdftex.def Info: conv_4w.jpg used on input line 809.
(pdftex.def)             Requested size: 142.25475pt x 106.69106pt.

<sol_4w.jpg, id=91, 776.9025pt x 385.17528pt>
File: sol_4w.jpg Graphic file (type jpg)
 <use sol_4w.jpg>
Package pdftex.def Info: sol_4w.jpg used on input line 817.
(pdftex.def)             Requested size: 184.94302pt x 91.69165pt.

Overfull \hbox (0.65735pt too wide) in paragraph at lines 817--818
 [][] 
 []


Underfull \hbox (badness 10000) in paragraph at lines 890--891

 []

<perm_he_2.jpg, id=92, 626.34pt x 483.8075pt>
File: perm_he_2.jpg Graphic file (type jpg)
 <use perm_he_2.jpg>
Package pdftex.def Info: perm_he_2.jpg used on input line 895.
(pdftex.def)             Requested size: 122.34128pt x 94.5008pt.

Underfull \hbox (badness 2932) in paragraph at lines 897--897
[]\OT1/cmr/m/n/10 Figure 4: |Het-ero-ge-neous
 []

[21 <./perm_he_1.jpg> <./conv_4w.jpg> <./sol_4w.jpg>]
<eig_pod_5w.jpg, id=97, 1204.5pt x 903.375pt>
File: eig_pod_5w.jpg Graphic file (type jpg)
 <use eig_pod_5w.jpg>
Package pdftex.def Info: eig_pod_5w.jpg used on input line 908.
(pdftex.def)             Requested size: 199.15665pt x 149.36748pt.

Underfull \hbox (badness 10000) in paragraph at lines 941--944

 []

[22 <./perm_he_2.jpg>]
</mnt/sda2/cortes/Results/16_09/article_sp/size_64perm_1_5wells11/conv_deftol-1
1.jpg, id=101, 1204.5pt x 903.375pt>
File: /mnt/sda2/cortes/Results/16_09/article_sp/size_64perm_1_5wells11/conv_def
tol-11.jpg Graphic file (type jpg)

<use /mnt/sda2/cortes/Results/16_09/article_sp/size_64perm_1_5wells11/conv_deft
ol-11.jpg>
Package pdftex.def Info: /mnt/sda2/cortes/Results/16_09/article_sp/size_64perm_
1_5wells11/conv_deftol-11.jpg used on input line 951.
(pdftex.def)             Requested size: 184.93117pt x 138.69838pt.

Overfull \hbox (0.6455pt too wide) in paragraph at lines 951--952
 [][] 
 []


</mnt/sda2/cortes/Results/16_09/article_sp/size_64perm_1_5wells11/solution.jpg,
 id=102, 1204.5pt x 903.375pt>
File: /mnt/sda2/cortes/Results/16_09/article_sp/size_64perm_1_5wells11/solution
.jpg Graphic file (type jpg)

<use /mnt/sda2/cortes/Results/16_09/article_sp/size_64perm_1_5wells11/solution.
jpg>
Package pdftex.def Info: /mnt/sda2/cortes/Results/16_09/article_sp/size_64perm_
1_5wells11/solution.jpg used on input line 960.
(pdftex.def)             Requested size: 170.70569pt x 128.02927pt.
 [23 <./eig_pod_5w.jpg> </mnt/sda2/cortes/Results/16_09/article_sp/size_64perm_
1_5wells11/conv_deftol-11.jpg> </mnt/sda2/cortes/Results/16_09/article_sp/size_
64perm_1_5wells11/solution.jpg>]
<perm_layer_2.jpg, id=106, 188.53044pt x 438.38506pt>
File: perm_layer_2.jpg Graphic file (type jpg)
 <use perm_layer_2.jpg>
Package pdftex.def Info: perm_layer_2.jpg used on input line 987.
(pdftex.def)             Requested size: 55.06366pt x 128.03813pt.

<perm_layer_.jpg, id=107, 1204.5pt x 903.375pt>
File: perm_layer_.jpg Graphic file (type jpg)
 <use perm_layer_.jpg>
Package pdftex.def Info: perm_layer_.jpg used on input line 995.
(pdftex.def)             Requested size: 156.48022pt x 117.36017pt.
 [24 <./perm_layer_2.jpg> <./perm_layer_.jpg>]
</mnt/sda2/cortes/Results/16_09/article_sp/SPE10_85layers_5w_tol-11/conv_deftol
-11.jpg, id=111, 1204.5pt x 903.375pt>
File: /mnt/sda2/cortes/Results/16_09/article_sp/SPE10_85layers_5w_tol-11/conv_d
eftol-11.jpg Graphic file (type jpg)

<use /mnt/sda2/cortes/Results/16_09/article_sp/SPE10_85layers_5w_tol-11/conv_de
ftol-11.jpg>
Package pdftex.def Info: /mnt/sda2/cortes/Results/16_09/article_sp/SPE10_85laye
rs_5w_tol-11/conv_deftol-11.jpg used on input line 1044.
(pdftex.def)             Requested size: 199.15665pt x 149.36748pt.

</mnt/sda2/cortes/Results/16_09/article_sp/SPE10_85layers_5w_tol-11/solution.jp
g, id=112, 1204.5pt x 903.375pt>
File: /mnt/sda2/cortes/Results/16_09/article_sp/SPE10_85layers_5w_tol-11/soluti
on.jpg Graphic file (type jpg)

<use /mnt/sda2/cortes/Results/16_09/article_sp/SPE10_85layers_5w_tol-11/solutio
n.jpg>
Package pdftex.def Info: /mnt/sda2/cortes/Results/16_09/article_sp/SPE10_85laye
rs_5w_tol-11/solution.jpg used on input line 1052.
(pdftex.def)             Requested size: 170.70569pt x 128.02927pt.
 [25 </mnt/sda2/cortes/Results/16_09/article_sp/SPE10_85layers_5w_tol-11/conv_d
eftol-11.jpg> </mnt/sda2/cortes/Results/16_09/article_sp/SPE10_85layers_5w_tol-
11/solution.jpg>]
Underfull \hbox (badness 10000) in paragraph at lines 1063--1064

 []


Package wrapfig Warning: wrapfigure used inside a conflicting environment on in
put line 1075.

<perm_comp.jpg, id=117, 225.45097pt x 221.57506pt>
File: perm_comp.jpg Graphic file (type jpg)
 <use perm_comp.jpg>
Package pdftex.def Info: perm_comp.jpg used on input line 1078.
(pdftex.def)             Requested size: 142.26878pt x 139.82292pt.

Underfull \hbox (badness 10000) in paragraph at lines 1074--1083

 []


Underfull \hbox (badness 10000) in paragraph at lines 1115--1116

 []

[26 <./perm_comp.jpg>]
</home/wagm/cortes/Localdisk/Results/sp_article/size_35perm_1_5wells_c_1e-3_s_5
2upd/solution.jpg, id=121, 1204.5pt x 903.375pt>
File: /home/wagm/cortes/Localdisk/Results/sp_article/size_35perm_1_5wells_c_1e-
3_s_52upd/solution.jpg Graphic file (type jpg)

<use /home/wagm/cortes/Localdisk/Results/sp_article/size_35perm_1_5wells_c_1e-3
_s_52upd/solution.jpg>
Package pdftex.def Info: /home/wagm/cortes/Localdisk/Results/sp_article/size_35
perm_1_5wells_c_1e-3_s_52upd/solution.jpg used on input line 1129.
(pdftex.def)             Requested size: 227.60759pt x 170.70569pt.

</home/wagm/cortes/Localdisk/Results/sp_article/size_35perm_1_5wells_c_1e-3_s_5
2upddv_10pod/eigs/eigs1stepA.jpg, id=122, 1204.5pt x 903.375pt>
File: /home/wagm/cortes/Localdisk/Results/sp_article/size_35perm_1_5wells_c_1e-
3_s_52upddv_10pod/eigs/eigs1stepA.jpg Graphic file (type jpg)

<use /home/wagm/cortes/Localdisk/Results/sp_article/size_35perm_1_5wells_c_1e-3
_s_52upddv_10pod/eigs/eigs1stepA.jpg>
Package pdftex.def Info: /home/wagm/cortes/Localdisk/Results/sp_article/size_35
perm_1_5wells_c_1e-3_s_52upddv_10pod/eigs/eigs1stepA.jpg used on input line 114
2.
(pdftex.def)             Requested size: 170.70569pt x 128.02927pt.

</home/wagm/cortes/Localdisk/Results/sp_article/size_35perm_1_5wells_c_1e-3_s_5
2upddv_10pod/eig_pod50.jpg, id=123, 1204.5pt x 903.375pt>
File: /home/wagm/cortes/Localdisk/Results/sp_article/size_35perm_1_5wells_c_1e-
3_s_52upddv_10pod/eig_pod50.jpg Graphic file (type jpg)

<use /home/wagm/cortes/Localdisk/Results/sp_article/size_35perm_1_5wells_c_1e-3
_s_52upddv_10pod/eig_pod50.jpg>
Package pdftex.def Info: /home/wagm/cortes/Localdisk/Results/sp_article/size_35
perm_1_5wells_c_1e-3_s_52upddv_10pod/eig_pod50.jpg used on input line 1150.
(pdftex.def)             Requested size: 170.70569pt x 128.02927pt.
 [27 </home/wagm/cortes/Localdisk/Results/sp_article/size_35perm_1_5wells_c_1e-
3_s_52upd/solution.jpg>]
Underfull \hbox (badness 10000) in paragraph at lines 1157--1160

 []


</home/wagm/cortes/Localdisk/Results/sp_article/size_35perm_1_5wells_c_1e-3_s_5
2upd/iterations_4NR.jpg, id=127, 1204.5pt x 903.375pt>
File: /home/wagm/cortes/Localdisk/Results/sp_article/size_35perm_1_5wells_c_1e-
3_s_52upd/iterations_4NR.jpg Graphic file (type jpg)

<use /home/wagm/cortes/Localdisk/Results/sp_article/size_35perm_1_5wells_c_1e-3
_s_52upd/iterations_4NR.jpg>
Package pdftex.def Info: /home/wagm/cortes/Localdisk/Results/sp_article/size_35
perm_1_5wells_c_1e-3_s_52upd/iterations_4NR.jpg used on input line 1167.
(pdftex.def)             Requested size: 227.60759pt x 170.70569pt.

Overfull \hbox (17.48026pt too wide) in paragraph at lines 1165--1169
[]  []
 []


</home/wagm/cortes/Localdisk/Results/sp_article/size_35perm_1_5wells_c_1e-3_s_5
2upddv_10pod/eigs/eigs1step.jpg, id=128, 1204.5pt x 903.375pt>
File: /home/wagm/cortes/Localdisk/Results/sp_article/size_35perm_1_5wells_c_1e-
3_s_52upddv_10pod/eigs/eigs1step.jpg Graphic file (type jpg)

<use /home/wagm/cortes/Localdisk/Results/sp_article/size_35perm_1_5wells_c_1e-3
_s_52upddv_10pod/eigs/eigs1step.jpg>
Package pdftex.def Info: /home/wagm/cortes/Localdisk/Results/sp_article/size_35
perm_1_5wells_c_1e-3_s_52upddv_10pod/eigs/eigs1step.jpg used on input line 1177
.
(pdftex.def)             Requested size: 170.70569pt x 128.02927pt.

</home/wagm/cortes/Localdisk/Results/sp_article/size_35perm_1_5wells_c_1e-3_s_5
2upddv_10pod/iterations_4NR.jpg, id=129, 1204.5pt x 903.375pt>
File: /home/wagm/cortes/Localdisk/Results/sp_article/size_35perm_1_5wells_c_1e-
3_s_52upddv_10pod/iterations_4NR.jpg Graphic file (type jpg)

<use /home/wagm/cortes/Localdisk/Results/sp_article/size_35perm_1_5wells_c_1e-3
_s_52upddv_10pod/iterations_4NR.jpg>
Package pdftex.def Info: /home/wagm/cortes/Localdisk/Results/sp_article/size_35
perm_1_5wells_c_1e-3_s_52upddv_10pod/iterations_4NR.jpg used on input line 1189
.
(pdftex.def)             Requested size: 227.60759pt x 170.70569pt.

Overfull \hbox (17.48026pt too wide) in paragraph at lines 1187--1191
[]  []
 []


</home/wagm/cortes/Localdisk/Results/sp_article/size_35perm_1_5wells_c_1e-3_s_5
2upddv_10pod/eigs/eigsPA11step.jpg, id=130, 1204.5pt x 903.375pt>
File: /home/wagm/cortes/Localdisk/Results/sp_article/size_35perm_1_5wells_c_1e-
3_s_52upddv_10pod/eigs/eigsPA11step.jpg Graphic file (type jpg)

<use /home/wagm/cortes/Localdisk/Results/sp_article/size_35perm_1_5wells_c_1e-3
_s_52upddv_10pod/eigs/eigsPA11step.jpg>
Package pdftex.def Info: /home/wagm/cortes/Localdisk/Results/sp_article/size_35
perm_1_5wells_c_1e-3_s_52upddv_10pod/eigs/eigsPA11step.jpg used on input line 1
198.
(pdftex.def)             Requested size: 170.70569pt x 128.02927pt.


LaTeX Warning: `!h' float specifier changed to `!ht'.

[28 </home/wagm/cortes/Localdisk/Results/sp_article/size_35perm_1_5wells_c_1e-3
_s_52upddv_10pod/eigs/eigs1stepA.jpg> </home/wagm/cortes/Localdisk/Results/sp_a
rticle/size_35perm_1_5wells_c_1e-3_s_52upddv_10pod/eig_pod50.jpg> </home/wagm/c
ortes/Localdisk/Results/sp_article/size_35perm_1_5wells_c_1e-3_s_52upd/iteratio
ns_4NR.jpg> </home/wagm/cortes/Localdisk/Results/sp_article/size_35perm_1_5well
s_c_1e-3_s_52upddv_10pod/eigs/eigs1step.jpg>]
Underfull \hbox (badness 10000) in paragraph at lines 1221--1222

 []


</home/wagm/cortes/Localdisk/Results/sp_article/size_35perm_2_5wells_c_1e-3_s_5
2upd/solution.jpg, id=134, 1204.5pt x 903.375pt>
File: /home/wagm/cortes/Localdisk/Results/sp_article/size_35perm_2_5wells_c_1e-
3_s_52upd/solution.jpg Graphic file (type jpg)

<use /home/wagm/cortes/Localdisk/Results/sp_article/size_35perm_2_5wells_c_1e-3
_s_52upd/solution.jpg>
Package pdftex.def Info: /home/wagm/cortes/Localdisk/Results/sp_article/size_35
perm_2_5wells_c_1e-3_s_52upd/solution.jpg used on input line 1233.
(pdftex.def)             Requested size: 227.60759pt x 170.70569pt.


LaTeX Warning: `!h' float specifier changed to `!ht'.


</home/wagm/cortes/Localdisk/Results/sp_article/size_35perm_2_5wells_c_1e-3_s_5
2upddv_10pod/eigs/eigs1stepA.jpg, id=135, 1204.5pt x 903.375pt>
File: /home/wagm/cortes/Localdisk/Results/sp_article/size_35perm_2_5wells_c_1e-
3_s_52upddv_10pod/eigs/eigs1stepA.jpg Graphic file (type jpg)

<use /home/wagm/cortes/Localdisk/Results/sp_article/size_35perm_2_5wells_c_1e-3
_s_52upddv_10pod/eigs/eigs1stepA.jpg>
Package pdftex.def Info: /home/wagm/cortes/Localdisk/Results/sp_article/size_35
perm_2_5wells_c_1e-3_s_52upddv_10pod/eigs/eigs1stepA.jpg used on input line 124
4.
(pdftex.def)             Requested size: 170.70569pt x 128.02927pt.

</home/wagm/cortes/Localdisk/Results/sp_article/size_35perm_2_5wells_c_1e-3_s_5
2upddv_10pod/eig_pod50.jpg, id=136, 1204.5pt x 903.375pt>
File: /home/wagm/cortes/Localdisk/Results/sp_article/size_35perm_2_5wells_c_1e-
3_s_52upddv_10pod/eig_pod50.jpg Graphic file (type jpg)

<use /home/wagm/cortes/Localdisk/Results/sp_article/size_35perm_2_5wells_c_1e-3
_s_52upddv_10pod/eig_pod50.jpg>
Package pdftex.def Info: /home/wagm/cortes/Localdisk/Results/sp_article/size_35
perm_2_5wells_c_1e-3_s_52upddv_10pod/eig_pod50.jpg used on input line 1252.
(pdftex.def)             Requested size: 170.70569pt x 128.02927pt.


LaTeX Warning: `!h' float specifier changed to `!ht'.


Underfull \hbox (badness 10000) in paragraph at lines 1259--1261

 []

[29 </home/wagm/cortes/Localdisk/Results/sp_article/size_35perm_1_5wells_c_1e-3
_s_52upddv_10pod/iterations_4NR.jpg> </home/wagm/cortes/Localdisk/Results/sp_ar
ticle/size_35perm_1_5wells_c_1e-3_s_52upddv_10pod/eigs/eigsPA11step.jpg>]
</home/wagm/cortes/Localdisk/Results/sp_article/size_35perm_2_5wells_c_1e-3_s_5
2upd/iterations_4NR.jpg, id=140, 1204.5pt x 903.375pt>
File: /home/wagm/cortes/Localdisk/Results/sp_article/size_35perm_2_5wells_c_1e-
3_s_52upd/iterations_4NR.jpg Graphic file (type jpg)

<use /home/wagm/cortes/Localdisk/Results/sp_article/size_35perm_2_5wells_c_1e-3
_s_52upd/iterations_4NR.jpg>
Package pdftex.def Info: /home/wagm/cortes/Localdisk/Results/sp_article/size_35
perm_2_5wells_c_1e-3_s_52upd/iterations_4NR.jpg used on input line 1268.
(pdftex.def)             Requested size: 227.60759pt x 170.70569pt.

Overfull \hbox (17.48026pt too wide) in paragraph at lines 1266--1270
[]  []
 []


</home/wagm/cortes/Localdisk/Results/sp_article/size_35perm_2_5wells_c_1e-3_s_5
2upddv_10pod/eigs/eigs1step.jpg, id=141, 1204.5pt x 903.375pt>
File: /home/wagm/cortes/Localdisk/Results/sp_article/size_35perm_2_5wells_c_1e-
3_s_52upddv_10pod/eigs/eigs1step.jpg Graphic file (type jpg)

<use /home/wagm/cortes/Localdisk/Results/sp_article/size_35perm_2_5wells_c_1e-3
_s_52upddv_10pod/eigs/eigs1step.jpg>
Package pdftex.def Info: /home/wagm/cortes/Localdisk/Results/sp_article/size_35
perm_2_5wells_c_1e-3_s_52upddv_10pod/eigs/eigs1step.jpg used on input line 1278
.
(pdftex.def)             Requested size: 170.70569pt x 128.02927pt.


LaTeX Warning: `!h' float specifier changed to `!ht'.


</home/wagm/cortes/Localdisk/Results/sp_article/size_35perm_2_5wells_c_1e-3_s_5
2upddv_10pod/iterations_4NR.jpg, id=142, 1204.5pt x 903.375pt>
File: /home/wagm/cortes/Localdisk/Results/sp_article/size_35perm_2_5wells_c_1e-
3_s_52upddv_10pod/iterations_4NR.jpg Graphic file (type jpg)

<use /home/wagm/cortes/Localdisk/Results/sp_article/size_35perm_2_5wells_c_1e-3
_s_52upddv_10pod/iterations_4NR.jpg>
Package pdftex.def Info: /home/wagm/cortes/Localdisk/Results/sp_article/size_35
perm_2_5wells_c_1e-3_s_52upddv_10pod/iterations_4NR.jpg used on input line 1290
.
(pdftex.def)             Requested size: 227.60759pt x 170.70569pt.

Overfull \hbox (17.48026pt too wide) in paragraph at lines 1288--1292
[]  []
 []


</home/wagm/cortes/Localdisk/Results/sp_article/size_35perm_2_5wells_c_1e-3_s_5
2upddv_10pod/eigs/eigsPA11step.jpg, id=143, 1204.5pt x 903.375pt>
File: /home/wagm/cortes/Localdisk/Results/sp_article/size_35perm_2_5wells_c_1e-
3_s_52upddv_10pod/eigs/eigsPA11step.jpg Graphic file (type jpg)

<use /home/wagm/cortes/Localdisk/Results/sp_article/size_35perm_2_5wells_c_1e-3
_s_52upddv_10pod/eigs/eigsPA11step.jpg>
Package pdftex.def Info: /home/wagm/cortes/Localdisk/Results/sp_article/size_35
perm_2_5wells_c_1e-3_s_52upddv_10pod/eigs/eigsPA11step.jpg used on input line 1
299.
(pdftex.def)             Requested size: 170.70569pt x 128.02927pt.


LaTeX Warning: `!h' float specifier changed to `!ht'.

[30 </home/wagm/cortes/Localdisk/Results/sp_article/size_35perm_2_5wells_c_1e-3
_s_52upd/solution.jpg> </home/wagm/cortes/Localdisk/Results/sp_article/size_35p
erm_2_5wells_c_1e-3_s_52upddv_10pod/eigs/eigs1stepA.jpg> </home/wagm/cortes/Loc
aldisk/Results/sp_article/size_35perm_2_5wells_c_1e-3_s_52upddv_10pod/eig_pod50
.jpg>]
Underfull \hbox (badness 10000) in paragraph at lines 1306--1311

 []


</home/wagm/cortes/Localdisk/Results/sp_article/size_35perm_2_5wells_c_1e-3_s_5
2upddv_16pod/iterations_4NR.jpg, id=147, 1204.5pt x 903.375pt>
File: /home/wagm/cortes/Localdisk/Results/sp_article/size_35perm_2_5wells_c_1e-
3_s_52upddv_16pod/iterations_4NR.jpg Graphic file (type jpg)

<use /home/wagm/cortes/Localdisk/Results/sp_article/size_35perm_2_5wells_c_1e-3
_s_52upddv_16pod/iterations_4NR.jpg>
Package pdftex.def Info: /home/wagm/cortes/Localdisk/Results/sp_article/size_35
perm_2_5wells_c_1e-3_s_52upddv_16pod/iterations_4NR.jpg used on input line 1318
.
(pdftex.def)             Requested size: 227.60759pt x 170.70569pt.

Overfull \hbox (17.48026pt too wide) in paragraph at lines 1316--1320
[]  []
 []


</home/wagm/cortes/Localdisk/Results/sp_article/size_35perm_2_5wells_c_1e-3_s_5
2upddv_16pod/eigs/eigsPA17step.jpg, id=148, 1204.5pt x 903.375pt>
File: /home/wagm/cortes/Localdisk/Results/sp_article/size_35perm_2_5wells_c_1e-
3_s_52upddv_16pod/eigs/eigsPA17step.jpg Graphic file (type jpg)

<use /home/wagm/cortes/Localdisk/Results/sp_article/size_35perm_2_5wells_c_1e-3
_s_52upddv_16pod/eigs/eigsPA17step.jpg>
Package pdftex.def Info: /home/wagm/cortes/Localdisk/Results/sp_article/size_35
perm_2_5wells_c_1e-3_s_52upddv_16pod/eigs/eigsPA17step.jpg used on input line 1
327.
(pdftex.def)             Requested size: 170.70569pt x 128.02927pt.


LaTeX Warning: `!h' float specifier changed to `!ht'.

[31 </home/wagm/cortes/Localdisk/Results/sp_article/size_35perm_2_5wells_c_1e-3
_s_52upd/iterations_4NR.jpg> </home/wagm/cortes/Localdisk/Results/sp_article/si
ze_35perm_2_5wells_c_1e-3_s_52upddv_10pod/eigs/eigs1step.jpg> </home/wagm/corte
s/Localdisk/Results/sp_article/size_35perm_2_5wells_c_1e-3_s_52upddv_10pod/iter
ations_4NR.jpg> </home/wagm/cortes/Localdisk/Results/sp_article/size_35perm_2_5
wells_c_1e-3_s_52upddv_10pod/eigs/eigsPA11step.jpg>]
Underfull \hbox (badness 10000) in paragraph at lines 1334--1335

 []


</home/wagm/cortes/Localdisk/Results/sp_article/size_35perm_3_5wells_c_1e-3_s_5
2upd/solution.jpg, id=153, 1204.5pt x 903.375pt>
File: /home/wagm/cortes/Localdisk/Results/sp_article/size_35perm_3_5wells_c_1e-
3_s_52upd/solution.jpg Graphic file (type jpg)

<use /home/wagm/cortes/Localdisk/Results/sp_article/size_35perm_3_5wells_c_1e-3
_s_52upd/solution.jpg>
Package pdftex.def Info: /home/wagm/cortes/Localdisk/Results/sp_article/size_35
perm_3_5wells_c_1e-3_s_52upd/solution.jpg used on input line 1348.
(pdftex.def)             Requested size: 227.60759pt x 170.70569pt.

</home/wagm/cortes/Localdisk/Results/sp_article/size_35perm_3_5wells_c_1e-3_s_5
2upddv_10pod/eigs/eigs1stepA.jpg, id=154, 1204.5pt x 903.375pt>
File: /home/wagm/cortes/Localdisk/Results/sp_article/size_35perm_3_5wells_c_1e-
3_s_52upddv_10pod/eigs/eigs1stepA.jpg Graphic file (type jpg)

<use /home/wagm/cortes/Localdisk/Results/sp_article/size_35perm_3_5wells_c_1e-3
_s_52upddv_10pod/eigs/eigs1stepA.jpg>
Package pdftex.def Info: /home/wagm/cortes/Localdisk/Results/sp_article/size_35
perm_3_5wells_c_1e-3_s_52upddv_10pod/eigs/eigs1stepA.jpg used on input line 135
9.
(pdftex.def)             Requested size: 170.70569pt x 128.02927pt.

</home/wagm/cortes/Localdisk/Results/sp_article/size_35perm_3_5wells_c_1e-3_s_5
2upddv_10pod/eig_pod50.jpg, id=155, 1204.5pt x 903.375pt>
File: /home/wagm/cortes/Localdisk/Results/sp_article/size_35perm_3_5wells_c_1e-
3_s_52upddv_10pod/eig_pod50.jpg Graphic file (type jpg)

<use /home/wagm/cortes/Localdisk/Results/sp_article/size_35perm_3_5wells_c_1e-3
_s_52upddv_10pod/eig_pod50.jpg>
Package pdftex.def Info: /home/wagm/cortes/Localdisk/Results/sp_article/size_35
perm_3_5wells_c_1e-3_s_52upddv_10pod/eig_pod50.jpg used on input line 1367.
(pdftex.def)             Requested size: 170.70569pt x 128.02927pt.


LaTeX Warning: `!h' float specifier changed to `!ht'.


Underfull \hbox (badness 10000) in paragraph at lines 1374--1376

 []

[32 </home/wagm/cortes/Localdisk/Results/sp_article/size_35perm_2_5wells_c_1e-3
_s_52upddv_16pod/iterations_4NR.jpg> </home/wagm/cortes/Localdisk/Results/sp_ar
ticle/size_35perm_2_5wells_c_1e-3_s_52upddv_16pod/eigs/eigsPA17step.jpg> </home
/wagm/cortes/Localdisk/Results/sp_article/size_35perm_3_5wells_c_1e-3_s_52upd/s
olution.jpg>]
</home/wagm/cortes/Localdisk/Results/sp_article/size_35perm_3_5wells_c_1e-3_s_5
2upd/iterations_4NR.jpg, id=159, 568.1225pt x 424.58624pt>
File: /home/wagm/cortes/Localdisk/Results/sp_article/size_35perm_3_5wells_c_1e-
3_s_52upd/iterations_4NR.jpg Graphic file (type jpg)

<use /home/wagm/cortes/Localdisk/Results/sp_article/size_35perm_3_5wells_c_1e-3
_s_52upd/iterations_4NR.jpg>
Package pdftex.def Info: /home/wagm/cortes/Localdisk/Results/sp_article/size_35
perm_3_5wells_c_1e-3_s_52upd/iterations_4NR.jpg used on input line 1384.
(pdftex.def)             Requested size: 227.62639pt x 170.11655pt.

Overfull \hbox (17.49905pt too wide) in paragraph at lines 1382--1386
[]  []
 []


</home/wagm/cortes/Localdisk/Results/sp_article/size_35perm_3_5wells_c_1e-3_s_5
2upddv_10pod/eigs/eigs1step.jpg, id=160, 1204.5pt x 903.375pt>
File: /home/wagm/cortes/Localdisk/Results/sp_article/size_35perm_3_5wells_c_1e-
3_s_52upddv_10pod/eigs/eigs1step.jpg Graphic file (type jpg)

<use /home/wagm/cortes/Localdisk/Results/sp_article/size_35perm_3_5wells_c_1e-3
_s_52upddv_10pod/eigs/eigs1step.jpg>
Package pdftex.def Info: /home/wagm/cortes/Localdisk/Results/sp_article/size_35
perm_3_5wells_c_1e-3_s_52upddv_10pod/eigs/eigs1step.jpg used on input line 1394
.
(pdftex.def)             Requested size: 170.70569pt x 128.02927pt.

</home/wagm/cortes/Localdisk/Results/sp_article/size_35perm_3_5wells_c_1e-3_s_5
2upddv_10pod/iterations_4NR.jpg, id=161, 1204.5pt x 903.375pt>
File: /home/wagm/cortes/Localdisk/Results/sp_article/size_35perm_3_5wells_c_1e-
3_s_52upddv_10pod/iterations_4NR.jpg Graphic file (type jpg)

<use /home/wagm/cortes/Localdisk/Results/sp_article/size_35perm_3_5wells_c_1e-3
_s_52upddv_10pod/iterations_4NR.jpg>
Package pdftex.def Info: /home/wagm/cortes/Localdisk/Results/sp_article/size_35
perm_3_5wells_c_1e-3_s_52upddv_10pod/iterations_4NR.jpg used on input line 1406
.
(pdftex.def)             Requested size: 227.60759pt x 170.70569pt.

Overfull \hbox (17.48026pt too wide) in paragraph at lines 1404--1408
[]  []
 []


</home/wagm/cortes/Localdisk/Results/sp_article/size_35perm_3_5wells_c_1e-3_s_5
2upddv_10pod/eigs/eigsPA11step.jpg, id=162, 1204.5pt x 903.375pt>
File: /home/wagm/cortes/Localdisk/Results/sp_article/size_35perm_3_5wells_c_1e-
3_s_52upddv_10pod/eigs/eigsPA11step.jpg Graphic file (type jpg)

<use /home/wagm/cortes/Localdisk/Results/sp_article/size_35perm_3_5wells_c_1e-3
_s_52upddv_10pod/eigs/eigsPA11step.jpg>
Package pdftex.def Info: /home/wagm/cortes/Localdisk/Results/sp_article/size_35
perm_3_5wells_c_1e-3_s_52upddv_10pod/eigs/eigsPA11step.jpg used on input line 1
415.
(pdftex.def)             Requested size: 170.70569pt x 128.02927pt.


LaTeX Warning: `!h' float specifier changed to `!ht'.

[33 </home/wagm/cortes/Localdisk/Results/sp_article/size_35perm_3_5wells_c_1e-3
_s_52upddv_10pod/eigs/eigs1stepA.jpg> </home/wagm/cortes/Localdisk/Results/sp_a
rticle/size_35perm_3_5wells_c_1e-3_s_52upddv_10pod/eig_pod50.jpg> </home/wagm/c
ortes/Localdisk/Results/sp_article/size_35perm_3_5wells_c_1e-3_s_52upd/iteratio
ns_4NR.jpg> </home/wagm/cortes/Localdisk/Results/sp_article/size_35perm_3_5well
s_c_1e-3_s_52upddv_10pod/eigs/eigs1step.jpg>]
Underfull \hbox (badness 10000) in paragraph at lines 1422--1424

 []


</home/wagm/cortes/Localdisk/Results/sp_article/size_35perm_3_5wells_c_1e-3_s_5
2upddv_17pod/iterations_4NR.jpg, id=166, 568.1225pt x 424.58624pt>
File: /home/wagm/cortes/Localdisk/Results/sp_article/size_35perm_3_5wells_c_1e-
3_s_52upddv_17pod/iterations_4NR.jpg Graphic file (type jpg)

<use /home/wagm/cortes/Localdisk/Results/sp_article/size_35perm_3_5wells_c_1e-3
_s_52upddv_17pod/iterations_4NR.jpg>
Package pdftex.def Info: /home/wagm/cortes/Localdisk/Results/sp_article/size_35
perm_3_5wells_c_1e-3_s_52upddv_17pod/iterations_4NR.jpg used on input line 1438
.
(pdftex.def)             Requested size: 227.62639pt x 170.11655pt.

Overfull \hbox (17.49905pt too wide) in paragraph at lines 1436--1440
[]  []
 []


</home/wagm/cortes/Localdisk/Results/sp_article/size_35perm_3_5wells_c_1e-3_s_5
2upddv_17pod/eigs/eigsPA18step.jpg, id=167, 1204.5pt x 903.375pt>
File: /home/wagm/cortes/Localdisk/Results/sp_article/size_35perm_3_5wells_c_1e-
3_s_52upddv_17pod/eigs/eigsPA18step.jpg Graphic file (type jpg)

<use /home/wagm/cortes/Localdisk/Results/sp_article/size_35perm_3_5wells_c_1e-3
_s_52upddv_17pod/eigs/eigsPA18step.jpg>
Package pdftex.def Info: /home/wagm/cortes/Localdisk/Results/sp_article/size_35
perm_3_5wells_c_1e-3_s_52upddv_17pod/eigs/eigsPA18step.jpg used on input line 1
447.
(pdftex.def)             Requested size: 170.70569pt x 128.02927pt.

Underfull \hbox (badness 10000) in paragraph at lines 1452--1453

 []

[34 </home/wagm/cortes/Localdisk/Results/sp_article/size_35perm_3_5wells_c_1e-3
_s_52upddv_10pod/iterations_4NR.jpg> </home/wagm/cortes/Localdisk/Results/sp_ar
ticle/size_35perm_3_5wells_c_1e-3_s_52upddv_10pod/eigs/eigsPA11step.jpg> </home
/wagm/cortes/Localdisk/Results/sp_article/size_35perm_3_5wells_c_1e-3_s_52upddv
_17pod/iterations_4NR.jpg> </home/wagm/cortes/Localdisk/Results/sp_article/size
_35perm_3_5wells_c_1e-3_s_52upddv_17pod/eigs/eigsPA18step.jpg>] [35]
</home/wagm/cortes/Localdisk/Results/sp_article/size_70perm_1_5wells_c_1e-3_s_5
2upd/iterations_4NR.jpg, id=176, 1204.5pt x 903.375pt>
File: /home/wagm/cortes/Localdisk/Results/sp_article/size_70perm_1_5wells_c_1e-
3_s_52upd/iterations_4NR.jpg Graphic file (type jpg)

<use /home/wagm/cortes/Localdisk/Results/sp_article/size_70perm_1_5wells_c_1e-3
_s_52upd/iterations_4NR.jpg>
Package pdftex.def Info: /home/wagm/cortes/Localdisk/Results/sp_article/size_70
perm_1_5wells_c_1e-3_s_52upd/iterations_4NR.jpg used on input line 1507.
(pdftex.def)             Requested size: 227.60759pt x 170.70569pt.

Overfull \hbox (17.48026pt too wide) in paragraph at lines 1505--1509
[]  []
 []


</home/wagm/cortes/Localdisk/Results/sp_article/size_70perm_1_5wells_c_1e-3_s_5
2upddv_10pod/iterations_4NR.jpg, id=177, 1204.5pt x 903.375pt>
File: /home/wagm/cortes/Localdisk/Results/sp_article/size_70perm_1_5wells_c_1e-
3_s_52upddv_10pod/iterations_4NR.jpg Graphic file (type jpg)

<use /home/wagm/cortes/Localdisk/Results/sp_article/size_70perm_1_5wells_c_1e-3
_s_52upddv_10pod/iterations_4NR.jpg>
Package pdftex.def Info: /home/wagm/cortes/Localdisk/Results/sp_article/size_70
perm_1_5wells_c_1e-3_s_52upddv_10pod/iterations_4NR.jpg used on input line 1517
.
(pdftex.def)             Requested size: 227.60759pt x 170.70569pt.

Overfull \hbox (17.48026pt too wide) in paragraph at lines 1515--1519
[]  []
 []


</home/wagm/cortes/Localdisk/Results/sp_article/size_70perm_1_5wells_c_1e-3_s_5
2upddv_10pod/eig_pod50.jpg, id=178, 1204.5pt x 903.375pt>
File: /home/wagm/cortes/Localdisk/Results/sp_article/size_70perm_1_5wells_c_1e-
3_s_52upddv_10pod/eig_pod50.jpg Graphic file (type jpg)

<use /home/wagm/cortes/Localdisk/Results/sp_article/size_70perm_1_5wells_c_1e-3
_s_52upddv_10pod/eig_pod50.jpg>
Package pdftex.def Info: /home/wagm/cortes/Localdisk/Results/sp_article/size_70
perm_1_5wells_c_1e-3_s_52upddv_10pod/eig_pod50.jpg used on input line 1529.
(pdftex.def)             Requested size: 170.70569pt x 128.02927pt.
 [36 </home/wagm/cortes/Localdisk/Results/sp_article/size_70perm_1_5wells_c_1e-
3_s_52upd/iterations_4NR.jpg> </home/wagm/cortes/Localdisk/Results/sp_article/s
ize_70perm_1_5wells_c_1e-3_s_52upddv_10pod/iterations_4NR.jpg> </home/wagm/cort
es/Localdisk/Results/sp_article/size_70perm_1_5wells_c_1e-3_s_52upddv_10pod/eig
_pod50.jpg>]
</home/wagm/cortes/Localdisk/Results/sp_article/size_70perm_1_5wells_c_1e-3_s_5
2upddv_17pod/iterations_4NR.jpg, id=182, 1204.5pt x 903.375pt>
File: /home/wagm/cortes/Localdisk/Results/sp_article/size_70perm_1_5wells_c_1e-
3_s_52upddv_17pod/iterations_4NR.jpg Graphic file (type jpg)

<use /home/wagm/cortes/Localdisk/Results/sp_article/size_70perm_1_5wells_c_1e-3
_s_52upddv_17pod/iterations_4NR.jpg>
Package pdftex.def Info: /home/wagm/cortes/Localdisk/Results/sp_article/size_70
perm_1_5wells_c_1e-3_s_52upddv_17pod/iterations_4NR.jpg used on input line 1552
.
(pdftex.def)             Requested size: 227.60759pt x 170.70569pt.

Overfull \hbox (17.48026pt too wide) in paragraph at lines 1550--1554
[]  []
 []

[37 </home/wagm/cortes/Localdisk/Results/sp_article/size_70perm_1_5wells_c_1e-3
_s_52upddv_17pod/iterations_4NR.jpg>]
</home/wagm/cortes/Localdisk/Results/sp_article/size_105perm_1_5wells_c_1e-3_s_
52upd/iterations_4NR.jpg, id=187, 1204.5pt x 903.375pt>
File: /home/wagm/cortes/Localdisk/Results/sp_article/size_105perm_1_5wells_c_1e
-3_s_52upd/iterations_4NR.jpg Graphic file (type jpg)

<use /home/wagm/cortes/Localdisk/Results/sp_article/size_105perm_1_5wells_c_1e-
3_s_52upd/iterations_4NR.jpg>
Package pdftex.def Info: /home/wagm/cortes/Localdisk/Results/sp_article/size_10
5perm_1_5wells_c_1e-3_s_52upd/iterations_4NR.jpg used on input line 1582.
(pdftex.def)             Requested size: 227.60759pt x 170.70569pt.

Overfull \hbox (17.48026pt too wide) in paragraph at lines 1580--1584
[]  []
 []


</home/wagm/cortes/Localdisk/Results/sp_article/size_105perm_1_5wells_c_1e-3_s_
52upddv_10pod/iterations_4NR.jpg, id=188, 1204.5pt x 903.375pt>
File: /home/wagm/cortes/Localdisk/Results/sp_article/size_105perm_1_5wells_c_1e
-3_s_52upddv_10pod/iterations_4NR.jpg Graphic file (type jpg)

<use /home/wagm/cortes/Localdisk/Results/sp_article/size_105perm_1_5wells_c_1e-
3_s_52upddv_10pod/iterations_4NR.jpg>
Package pdftex.def Info: /home/wagm/cortes/Localdisk/Results/sp_article/size_10
5perm_1_5wells_c_1e-3_s_52upddv_10pod/iterations_4NR.jpg used on input line 159
2.
(pdftex.def)             Requested size: 227.60759pt x 170.70569pt.

Overfull \hbox (17.48026pt too wide) in paragraph at lines 1590--1594
[]  []
 []


</home/wagm/cortes/Localdisk/Results/sp_article/size_105perm_1_5wells_c_1e-3_s_
52upddv_10pod/eig_pod50.jpg, id=189, 1204.5pt x 903.375pt>
File: /home/wagm/cortes/Localdisk/Results/sp_article/size_105perm_1_5wells_c_1e
-3_s_52upddv_10pod/eig_pod50.jpg Graphic file (type jpg)

<use /home/wagm/cortes/Localdisk/Results/sp_article/size_105perm_1_5wells_c_1e-
3_s_52upddv_10pod/eig_pod50.jpg>
Package pdftex.def Info: /home/wagm/cortes/Localdisk/Results/sp_article/size_10
5perm_1_5wells_c_1e-3_s_52upddv_10pod/eig_pod50.jpg used on input line 1604.
(pdftex.def)             Requested size: 170.70569pt x 128.02927pt.
 [38 </home/wagm/cortes/Localdisk/Results/sp_article/size_105perm_1_5wells_c_1e
-3_s_52upd/iterations_4NR.jpg> </home/wagm/cortes/Localdisk/Results/sp_article/
size_105perm_1_5wells_c_1e-3_s_52upddv_10pod/iterations_4NR.jpg> </home/wagm/co
rtes/Localdisk/Results/sp_article/size_105perm_1_5wells_c_1e-3_s_52upddv_10pod/
eig_pod50.jpg>]
</home/wagm/cortes/Localdisk/Results/sp_article/size_105perm_1_5wells_c_1e-3_s_
52upddv_17pod/iterations_4NR.jpg, id=193, 1204.5pt x 903.375pt>
File: /home/wagm/cortes/Localdisk/Results/sp_article/size_105perm_1_5wells_c_1e
-3_s_52upddv_17pod/iterations_4NR.jpg Graphic file (type jpg)

<use /home/wagm/cortes/Localdisk/Results/sp_article/size_105perm_1_5wells_c_1e-
3_s_52upddv_17pod/iterations_4NR.jpg>
Package pdftex.def Info: /home/wagm/cortes/Localdisk/Results/sp_article/size_10
5perm_1_5wells_c_1e-3_s_52upddv_17pod/iterations_4NR.jpg used on input line 162
7.
(pdftex.def)             Requested size: 227.60759pt x 170.70569pt.

Overfull \hbox (17.48026pt too wide) in paragraph at lines 1625--1629
[]  []
 []

[39 </home/wagm/cortes/Localdisk/Results/sp_article/size_105perm_1_5wells_c_1e-
3_s_52upddv_17pod/iterations_4NR.jpg>] (./main.bbl [40]) [41] [42] [43]
[44] (./main.aux)

LaTeX Warning: There were multiply-defined labels.

 ) 
Here is how much of TeX's memory you used:
 5381 strings out of 494409
 96096 string characters out of 6164778
 162167 words of memory out of 5000000
 8452 multiletter control sequences out of 15000+600000
 18455 words of font info for 71 fonts, out of 8000000 for 9000
 372 hyphenation exceptions out of 8191
 53i,17n,92p,805b,431s stack positions out of 5000i,500n,10000p,200000b,80000s
</usr/share/texlive/texmf-dist/fonts/type1/public/amsfonts/cm/cmbx10.pfb></us
r/share/texlive/texmf-dist/fonts/type1/public/amsfonts/cm/cmbx12.pfb></usr/shar
e/texlive/texmf-dist/fonts/type1/public/amsfonts/cm/cmbx7.pfb></usr/share/texli
ve/texmf-dist/fonts/type1/public/amsfonts/cm/cmbx8.pfb></usr/share/texlive/texm
f-dist/fonts/type1/public/amsfonts/cm/cmbxti10.pfb></usr/share/texlive/texmf-di
st/fonts/type1/public/amsfonts/cm/cmex10.pfb></usr/share/texlive/texmf-dist/fon
ts/type1/public/amsfonts/cm/cmmi10.pfb></usr/share/texlive/texmf-dist/fonts/typ
e1/public/amsfonts/cm/cmmi12.pfb></usr/share/texlive/texmf-dist/fonts/type1/pub
lic/amsfonts/cm/cmmi5.pfb></usr/share/texlive/texmf-dist/fonts/type1/public/ams
fonts/cm/cmmi6.pfb></usr/share/texlive/texmf-dist/fonts/type1/public/amsfonts/c
m/cmmi7.pfb></usr/share/texlive/texmf-dist/fonts/type1/public/amsfonts/cm/cmmi8
.pfb></usr/share/texlive/texmf-dist/fonts/type1/public/amsfonts/cm/cmr10.pfb></
usr/share/texlive/texmf-dist/fonts/type1/public/amsfonts/cm/cmr12.pfb></usr/sha
re/texlive/texmf-dist/fonts/type1/public/amsfonts/cm/cmr17.pfb></usr/share/texl
ive/texmf-dist/fonts/type1/public/amsfonts/cm/cmr6.pfb></usr/share/texlive/texm
f-dist/fonts/type1/public/amsfonts/cm/cmr7.pfb></usr/share/texlive/texmf-dist/f
onts/type1/public/amsfonts/cm/cmr8.pfb></usr/share/texlive/texmf-dist/fonts/typ
e1/public/amsfonts/cm/cmsy10.pfb></usr/share/texlive/texmf-dist/fonts/type1/pub
lic/amsfonts/cm/cmsy6.pfb></usr/share/texlive/texmf-dist/fonts/type1/public/ams
fonts/cm/cmsy7.pfb></usr/share/texlive/texmf-dist/fonts/type1/public/amsfonts/c
m/cmsy8.pfb></usr/share/texlive/texmf-dist/fonts/type1/public/amsfonts/cm/cmti1
2.pfb></usr/share/texlive/texmf-dist/fonts/type1/public/amsfonts/cm/cmti7.pfb><
/usr/share/texlive/texmf-dist/fonts/type1/public/amsfonts/cm/cmti8.pfb></usr/sh
are/texlive/texmf-dist/fonts/type1/public/amsfonts/symbols/msbm10.pfb>
Output written on main.pdf (44 pages, 3195001 bytes).
PDF statistics:
 297 PDF objects out of 1000 (max. 8388607)
 178 compressed objects within 2 object streams
 0 named destinations out of 1000 (max. 500000)
 226 words of extra memory for PDF output out of 10000 (max. 10000000)

