This is pdfTeX, Version 3.14159265-2.6-1.40.15 (TeX Live 2015/dev/Debian) (preloaded format=pdflatex 2016.1.5)  8 SEP 2016 12:22
entering extended mode
 restricted \write18 enabled.
 %&-line parsing enabled.
**temporal_timesteps_2.tex
(./temporal_timesteps_2.tex
LaTeX2e <2014/05/01>
Babel <3.9l> and hyphenation patterns for 29 languages loaded.
(/usr/share/texlive/texmf-dist/tex/latex/base/article.cls
Document Class: article 2014/09/29 v1.4h Standard LaTeX document class
(/usr/share/texlive/texmf-dist/tex/latex/base/size12.clo
File: size12.clo 2014/09/29 v1.4h Standard LaTeX file (size option)
)
\c@part=\count79
\c@section=\count80
\c@subsection=\count81
\c@subsubsection=\count82
\c@paragraph=\count83
\c@subparagraph=\count84
\c@figure=\count85
\c@table=\count86
\abovecaptionskip=\skip41
\belowcaptionskip=\skip42
\bibindent=\dimen102
)
(/usr/share/texlive/texmf-dist/tex/latex/base/inputenc.sty
Package: inputenc 2014/04/30 v1.2b Input encoding file
\inpenc@prehook=\toks14
\inpenc@posthook=\toks15

(/usr/share/texlive/texmf-dist/tex/latex/ucs/utf8x.def
File: utf8x.def 2004/10/17 UCS: Input encoding UTF-8
))
(/usr/share/texlive/texmf-dist/tex/latex/ucs/ucs.sty
Package: ucs 2013/05/11 v2.2 UCS: Unicode input support

(/usr/share/texlive/texmf-dist/tex/latex/ucs/data/uni-global.def
File: uni-global.def 2013/05/13 UCS: Unicode global data
)
\uc@secondtry=\count87
\uc@combtoks=\toks16
\uc@combtoksb=\toks17
\uc@temptokena=\toks18
)
(/usr/share/texlive/texmf-dist/tex/latex/amsmath/amsmath.sty
Package: amsmath 2013/01/14 v2.14 AMS math features
\@mathmargin=\skip43

For additional information on amsmath, use the `?' option.
(/usr/share/texlive/texmf-dist/tex/latex/amsmath/amstext.sty
Package: amstext 2000/06/29 v2.01

(/usr/share/texlive/texmf-dist/tex/latex/amsmath/amsgen.sty
File: amsgen.sty 1999/11/30 v2.0
\@emptytoks=\toks19
\ex@=\dimen103
))
(/usr/share/texlive/texmf-dist/tex/latex/amsmath/amsbsy.sty
Package: amsbsy 1999/11/29 v1.2d
\pmbraise@=\dimen104
)
(/usr/share/texlive/texmf-dist/tex/latex/amsmath/amsopn.sty
Package: amsopn 1999/12/14 v2.01 operator names
)
\inf@bad=\count88
LaTeX Info: Redefining \frac on input line 210.
\uproot@=\count89
\leftroot@=\count90
LaTeX Info: Redefining \overline on input line 306.
\classnum@=\count91
\DOTSCASE@=\count92
LaTeX Info: Redefining \ldots on input line 378.
LaTeX Info: Redefining \dots on input line 381.
LaTeX Info: Redefining \cdots on input line 466.
\Mathstrutbox@=\box26
\strutbox@=\box27
\big@size=\dimen105
LaTeX Font Info:    Redeclaring font encoding OML on input line 566.
LaTeX Font Info:    Redeclaring font encoding OMS on input line 567.
\macc@depth=\count93
\c@MaxMatrixCols=\count94
\dotsspace@=\muskip10
\c@parentequation=\count95
\dspbrk@lvl=\count96
\tag@help=\toks20
\row@=\count97
\column@=\count98
\maxfields@=\count99
\andhelp@=\toks21
\eqnshift@=\dimen106
\alignsep@=\dimen107
\tagshift@=\dimen108
\tagwidth@=\dimen109
\totwidth@=\dimen110
\lineht@=\dimen111
\@envbody=\toks22
\multlinegap=\skip44
\multlinetaggap=\skip45
\mathdisplay@stack=\toks23
LaTeX Info: Redefining \[ on input line 2665.
LaTeX Info: Redefining \] on input line 2666.
)
(/usr/share/texlive/texmf-dist/tex/latex/amsfonts/amsfonts.sty
Package: amsfonts 2013/01/14 v3.01 Basic AMSFonts support
\symAMSa=\mathgroup4
\symAMSb=\mathgroup5
LaTeX Font Info:    Overwriting math alphabet `\mathfrak' in version `bold'
(Font)                  U/euf/m/n --> U/euf/b/n on input line 106.
)
(/usr/share/texlive/texmf-dist/tex/latex/jknapltx/mathrsfs.sty
Package: mathrsfs 1996/01/01 Math RSFS package v1.0 (jk)
\symrsfs=\mathgroup6
)
(/usr/share/texlive/texmf-dist/tex/latex/natbib/natbib.sty
Package: natbib 2010/09/13 8.31b (PWD, AO)
\bibhang=\skip46
\bibsep=\skip47
LaTeX Info: Redefining \cite on input line 694.
\c@NAT@ctr=\count100
)
(/usr/share/texlive/texmf-dist/tex/latex/graphics/graphicx.sty
Package: graphicx 2014/04/25 v1.0g Enhanced LaTeX Graphics (DPC,SPQR)

(/usr/share/texlive/texmf-dist/tex/latex/graphics/keyval.sty
Package: keyval 2014/05/08 v1.15 key=value parser (DPC)
\KV@toks@=\toks24
)
(/usr/share/texlive/texmf-dist/tex/latex/graphics/graphics.sty
Package: graphics 2009/02/05 v1.0o Standard LaTeX Graphics (DPC,SPQR)

(/usr/share/texlive/texmf-dist/tex/latex/graphics/trig.sty
Package: trig 1999/03/16 v1.09 sin cos tan (DPC)
)
(/usr/share/texlive/texmf-dist/tex/latex/latexconfig/graphics.cfg
File: graphics.cfg 2010/04/23 v1.9 graphics configuration of TeX Live
)
Package graphics Info: Driver file: pdftex.def on input line 91.

(/usr/share/texlive/texmf-dist/tex/latex/pdftex-def/pdftex.def
File: pdftex.def 2011/05/27 v0.06d Graphics/color for pdfTeX

(/usr/share/texlive/texmf-dist/tex/generic/oberdiek/infwarerr.sty
Package: infwarerr 2010/04/08 v1.3 Providing info/warning/error messages (HO)
)
(/usr/share/texlive/texmf-dist/tex/generic/oberdiek/ltxcmds.sty
Package: ltxcmds 2011/11/09 v1.22 LaTeX kernel commands for general use (HO)
)
\Gread@gobject=\count101
))
\Gin@req@height=\dimen112
\Gin@req@width=\dimen113
)
(/usr/share/texlive/texmf-dist/tex/latex/adjustbox/adjustbox.sty
Package: adjustbox 2012/05/21 v1.0 Adjusting TeX boxes (trim, clip, ...)

(/usr/share/texlive/texmf-dist/tex/latex/xkeyval/xkeyval.sty
Package: xkeyval 2014/05/25 v2.7 package option processing (HA)

(/usr/share/texlive/texmf-dist/tex/generic/xkeyval/xkeyval.tex
(/usr/share/texlive/texmf-dist/tex/generic/xkeyval/xkvutils.tex
\XKV@toks=\toks25
\XKV@tempa@toks=\toks26
)
\XKV@depth=\count102
File: xkeyval.tex 2014/05/25 v2.7 key=value parser (HA)
))
(/usr/share/texlive/texmf-dist/tex/latex/adjustbox/adjcalc.sty
Package: adjcalc 2012/05/16 v1.1 Provides advanced setlength with multiple back
-ends (calc, etex, pgfmath)
)
(/usr/share/texlive/texmf-dist/tex/latex/adjustbox/trimclip.sty
Package: trimclip 2012/05/16 v1.0 Trim and clip general TeX material

(/usr/share/texlive/texmf-dist/tex/latex/collectbox/collectbox.sty
Package: collectbox 2012/05/17 v0.4b Collect macro arguments as boxes
\collectedbox=\box28
)
\tc@llx=\dimen114
\tc@lly=\dimen115
\tc@urx=\dimen116
\tc@ury=\dimen117
Package trimclip Info: Using driver 'tc-pdftex.def'.

(/usr/share/texlive/texmf-dist/tex/latex/adjustbox/tc-pdftex.def
File: tc-pdftex.def 2012/05/13 v1.0 Clipping driver for pdftex
))
\adjbox@Width=\dimen118
\adjbox@Height=\dimen119
\adjbox@Depth=\dimen120
\adjbox@Totalheight=\dimen121

(/usr/share/texlive/texmf-dist/tex/latex/ifoddpage/ifoddpage.sty
Package: ifoddpage 2011/09/13 v1.0 Conditionals for odd/even page detection
\c@checkoddpage=\count103
)
(/usr/share/texlive/texmf-dist/tex/latex/varwidth/varwidth.sty
Package: varwidth 2009/03/30 ver 0.92;  Variable-width minipages
\@vwid@box=\box29
\sift@deathcycles=\count104
\@vwid@loff=\dimen122
\@vwid@roff=\dimen123
))
(/usr/share/texlive/texmf-dist/tex/latex/float/float.sty
Package: float 2001/11/08 v1.3d Float enhancements (AL)
\c@float@type=\count105
\float@exts=\toks27
\float@box=\box30
\@float@everytoks=\toks28
\@floatcapt=\box31
)
(/usr/share/texlive/texmf-dist/tex/latex/caption/caption.sty
Package: caption 2013/05/02 v3.3-89 Customizing captions (AR)

(/usr/share/texlive/texmf-dist/tex/latex/caption/caption3.sty
Package: caption3 2013/05/02 v1.6-88 caption3 kernel (AR)
Package caption3 Info: TeX engine: e-TeX on input line 57.
\captionmargin=\dimen124
\captionmargin@=\dimen125
\captionwidth=\dimen126
\caption@tempdima=\dimen127
\caption@indent=\dimen128
\caption@parindent=\dimen129
\caption@hangindent=\dimen130
)
\c@ContinuedFloat=\count106
Package caption Info: float package is loaded.
)
(/usr/share/texlive/texmf-dist/tex/latex/wrapfig/wrapfig.sty
\wrapoverhang=\dimen131
\WF@size=\dimen132
\c@WF@wrappedlines=\count107
\WF@box=\box32
\WF@everypar=\toks29
Package: wrapfig 2003/01/31  v 3.6
)
(/usr/share/texlive/texmf-dist/tex/latex/preprint/authblk.sty
Package: authblk 2001/02/27 1.3 (PWD)
\affilsep=\skip48
\@affilsep=\skip49
\c@Maxaffil=\count108
\c@authors=\count109
\c@affil=\count110
)
(/usr/share/texlive/texmf-dist/tex/latex/subfigure/subfigure.sty
Package: subfigure 2002/03/15 v2.1.5 subfigure package
\subfigtopskip=\skip50
\subfigcapskip=\skip51
\subfigcaptopadj=\dimen133
\subfigbottomskip=\skip52
\subfigcapmargin=\dimen134
\subfiglabelskip=\skip53
\c@subfigure=\count111
\c@lofdepth=\count112
\c@subtable=\count113
\c@lotdepth=\count114

****************************************
* Local config file subfigure.cfg used *
****************************************
(/usr/share/texlive/texmf-dist/tex/latex/subfigure/subfigure.cfg)
\subfig@top=\skip54
\subfig@bottom=\skip55
)
(/usr/share/texlive/texmf-dist/tex/latex/psnfss/pifont.sty
Package: pifont 2005/04/12 PSNFSS-v9.2a Pi font support (SPQR) 
LaTeX Font Info:    Try loading font information for U+pzd on input line 63.

(/usr/share/texlive/texmf-dist/tex/latex/psnfss/upzd.fd
File: upzd.fd 2001/06/04 font definitions for U/pzd.
)
LaTeX Font Info:    Try loading font information for U+psy on input line 64.

(/usr/share/texlive/texmf-dist/tex/latex/psnfss/upsy.fd
File: upsy.fd 2001/06/04 font definitions for U/psy.
))
(/usr/share/texlive/texmf-dist/tex/latex/a4wide/a4wide.sty
Package: a4wide 1994/08/30

(/usr/share/texlive/texmf-dist/tex/latex/ntgclass/a4.sty
Package: a4 2004/04/15 v1.2g A4 based page layout
))
(./temporal_timesteps_2.aux

LaTeX Warning: Label `fig:NR_IC' multiply defined.


LaTeX Warning: Label `fig:eigs_MA' multiply defined.


LaTeX Warning: Label `fig:NR_D10' multiply defined.


LaTeX Warning: Label `fig:eigs_PA' multiply defined.


LaTeX Warning: Label `fig:NR_POD6_10' multiply defined.


LaTeX Warning: Label `fig:eigs_POD6_10' multiply defined.


LaTeX Warning: Label `fig:NR_IC' multiply defined.


LaTeX Warning: Label `fig:eigs_MA' multiply defined.


LaTeX Warning: Label `fig:NR_D10' multiply defined.


LaTeX Warning: Label `fig:eigs_PA' multiply defined.


LaTeX Warning: Label `fig:NR_POD6_10' multiply defined.


LaTeX Warning: Label `fig:eigs_POD6_10' multiply defined.


LaTeX Warning: Label `fig:NR_IC' multiply defined.


LaTeX Warning: Label `fig:eigs_MA' multiply defined.


LaTeX Warning: Label `fig:NR_D10' multiply defined.


LaTeX Warning: Label `fig:eigs_PA' multiply defined.


LaTeX Warning: Label `fig:NR_POD6_10' multiply defined.


LaTeX Warning: Label `fig:eigs_POD6_10' multiply defined.


LaTeX Warning: Label `fig:NR_IC' multiply defined.


LaTeX Warning: Label `fig:eigs_MA' multiply defined.


LaTeX Warning: Label `fig:NR_D10' multiply defined.


LaTeX Warning: Label `fig:eigs_PA' multiply defined.


LaTeX Warning: Label `fig:NR_POD6_10' multiply defined.


LaTeX Warning: Label `fig:eigs_POD6_10' multiply defined.

)
\openout1 = `temporal_timesteps_2.aux'.

LaTeX Font Info:    Checking defaults for OML/cmm/m/it on input line 27.
LaTeX Font Info:    ... okay on input line 27.
LaTeX Font Info:    Checking defaults for T1/cmr/m/n on input line 27.
LaTeX Font Info:    ... okay on input line 27.
LaTeX Font Info:    Checking defaults for OT1/cmr/m/n on input line 27.
LaTeX Font Info:    ... okay on input line 27.
LaTeX Font Info:    Checking defaults for OMS/cmsy/m/n on input line 27.
LaTeX Font Info:    ... okay on input line 27.
LaTeX Font Info:    Checking defaults for OMX/cmex/m/n on input line 27.
LaTeX Font Info:    ... okay on input line 27.
LaTeX Font Info:    Checking defaults for U/cmr/m/n on input line 27.
LaTeX Font Info:    ... okay on input line 27.
 (/usr/share/texlive/texmf-dist/tex/latex/ucs/ucsencs.def
File: ucsencs.def 2011/01/21 Fixes to fontencodings LGR, T3
)
(/usr/share/texlive/texmf-dist/tex/context/base/supp-pdf.mkii
[Loading MPS to PDF converter (version 2006.09.02).]
\scratchcounter=\count115
\scratchdimen=\dimen135
\scratchbox=\box33
\nofMPsegments=\count116
\nofMParguments=\count117
\everyMPshowfont=\toks30
\MPscratchCnt=\count118
\MPscratchDim=\dimen136
\MPnumerator=\count119
\makeMPintoPDFobject=\count120
\everyMPtoPDFconversion=\toks31
) (/usr/share/texlive/texmf-dist/tex/generic/oberdiek/pdftexcmds.sty
Package: pdftexcmds 2011/11/29 v0.20 Utility functions of pdfTeX for LuaTeX (HO
)

(/usr/share/texlive/texmf-dist/tex/generic/oberdiek/ifluatex.sty
Package: ifluatex 2010/03/01 v1.3 Provides the ifluatex switch (HO)
Package ifluatex Info: LuaTeX not detected.
)
(/usr/share/texlive/texmf-dist/tex/generic/oberdiek/ifpdf.sty
Package: ifpdf 2011/01/30 v2.3 Provides the ifpdf switch (HO)
Package ifpdf Info: pdfTeX in PDF mode is detected.
)
Package pdftexcmds Info: LuaTeX not detected.
Package pdftexcmds Info: \pdf@primitive is available.
Package pdftexcmds Info: \pdf@ifprimitive is available.
Package pdftexcmds Info: \pdfdraftmode found.
)
(/usr/share/texlive/texmf-dist/tex/latex/oberdiek/epstopdf-base.sty
Package: epstopdf-base 2010/02/09 v2.5 Base part for package epstopdf

(/usr/share/texlive/texmf-dist/tex/latex/oberdiek/grfext.sty
Package: grfext 2010/08/19 v1.1 Manage graphics extensions (HO)

(/usr/share/texlive/texmf-dist/tex/generic/oberdiek/kvdefinekeys.sty
Package: kvdefinekeys 2011/04/07 v1.3 Define keys (HO)
))
(/usr/share/texlive/texmf-dist/tex/latex/oberdiek/kvoptions.sty
Package: kvoptions 2011/06/30 v3.11 Key value format for package options (HO)

(/usr/share/texlive/texmf-dist/tex/generic/oberdiek/kvsetkeys.sty
Package: kvsetkeys 2012/04/25 v1.16 Key value parser (HO)

(/usr/share/texlive/texmf-dist/tex/generic/oberdiek/etexcmds.sty
Package: etexcmds 2011/02/16 v1.5 Avoid name clashes with e-TeX commands (HO)
Package etexcmds Info: Could not find \expanded.
(etexcmds)             That can mean that you are not using pdfTeX 1.50 or
(etexcmds)             that some package has redefined \expanded.
(etexcmds)             In the latter case, load this package earlier.
)))
Package grfext Info: Graphics extension search list:
(grfext)             [.png,.pdf,.jpg,.mps,.jpeg,.jbig2,.jb2,.PNG,.PDF,.JPG,.JPE
G,.JBIG2,.JB2,.eps]
(grfext)             \AppendGraphicsExtensions on input line 452.

(/usr/share/texlive/texmf-dist/tex/latex/latexconfig/epstopdf-sys.cfg
File: epstopdf-sys.cfg 2010/07/13 v1.3 Configuration of (r)epstopdf for TeX Liv
e
))
Package caption Info: Begin \AtBeginDocument code.
Package caption Info: subfigure package is loaded.
Package caption Info: wrapfig package is loaded.
Package caption Info: End \AtBeginDocument code.

<perm_comp.jpg, id=1, 225.45097pt x 221.57506pt>
File: perm_comp.jpg Graphic file (type jpg)
 <use perm_comp.jpg>
Package pdftex.def Info: perm_comp.jpg used on input line 39.
(pdftex.def)             Requested size: 128.04396pt x 125.84265pt.

Underfull \hbox (badness 1024) in paragraph at lines 41--41
[]\OT1/cmr/m/n/10 Figure 1: |Het-ero-ge-neous per-
 []

LaTeX Font Info:    Try loading font information for U+msa on input line 45.
(/usr/share/texlive/texmf-dist/tex/latex/amsfonts/umsa.fd
File: umsa.fd 2013/01/14 v3.01 AMS symbols A
)
LaTeX Font Info:    Try loading font information for U+msb on input line 45.

(/usr/share/texlive/texmf-dist/tex/latex/amsfonts/umsb.fd
File: umsb.fd 2013/01/14 v3.01 AMS symbols B
)
LaTeX Font Info:    Try loading font information for U+rsfs on input line 45.

(/usr/share/texlive/texmf-dist/tex/latex/jknapltx/ursfs.fd
File: ursfs.fd 1998/03/24 rsfs font definition file (jk)
)
Underfull \hbox (badness 10000) in paragraph at lines 54--55

 []


Underfull \hbox (badness 10000) in paragraph at lines 57--58

 []


Underfull \hbox (badness 10000) in paragraph at lines 69--71

 []


Overfull \hbox (29.37468pt too wide) in paragraph at lines 50--72
[]$[]$$[]$
 []


Underfull \hbox (badness 10000) in paragraph at lines 73--76

 []

[1

{/var/lib/texmf/fonts/map/pdftex/updmap/pdftex.map} <./perm_comp.jpg>]
</home/wagm/cortes/Localdisk/Results/16_09/05/size_35perm_1_5wells_c_1e-3_s_13/
iterations_4NR.jpg, id=17, 1204.5pt x 903.375pt>
File: /home/wagm/cortes/Localdisk/Results/16_09/05/size_35perm_1_5wells_c_1e-3_
s_13/iterations_4NR.jpg Graphic file (type jpg)

<use /home/wagm/cortes/Localdisk/Results/16_09/05/size_35perm_1_5wells_c_1e-3_s
_13/iterations_4NR.jpg>
Package pdftex.def Info: /home/wagm/cortes/Localdisk/Results/16_09/05/size_35pe
rm_1_5wells_c_1e-3_s_13/iterations_4NR.jpg used on input line 88.
(pdftex.def)             Requested size: 184.93117pt x 138.69838pt.

Overfull \hbox (0.6455pt too wide) in paragraph at lines 88--89
 [][] 
 []


</home/wagm/cortes/Localdisk/Results/16_09/05/size_35perm_1_5wells_c_1e-3_s_13/
eigs/eigs1step.jpg, id=18, 1204.5pt x 903.375pt>
File: /home/wagm/cortes/Localdisk/Results/16_09/05/size_35perm_1_5wells_c_1e-3_
s_13/eigs/eigs1step.jpg Graphic file (type jpg)

<use /home/wagm/cortes/Localdisk/Results/16_09/05/size_35perm_1_5wells_c_1e-3_s
_13/eigs/eigs1step.jpg>
Package pdftex.def Info: /home/wagm/cortes/Localdisk/Results/16_09/05/size_35pe
rm_1_5wells_c_1e-3_s_13/eigs/eigs1step.jpg used on input line 97.
(pdftex.def)             Requested size: 184.93117pt x 138.69838pt.

Overfull \hbox (0.6455pt too wide) in paragraph at lines 97--98
 [][] 
 []


</home/wagm/cortes/Localdisk/Results/16_09/05/size_35perm_1_5wells_c_1e-3_s_13d
v_10/iterations_4NR.jpg, id=19, 1204.5pt x 903.375pt>
File: /home/wagm/cortes/Localdisk/Results/16_09/05/size_35perm_1_5wells_c_1e-3_
s_13dv_10/iterations_4NR.jpg Graphic file (type jpg)

<use /home/wagm/cortes/Localdisk/Results/16_09/05/size_35perm_1_5wells_c_1e-3_s
_13dv_10/iterations_4NR.jpg>
Package pdftex.def Info: /home/wagm/cortes/Localdisk/Results/16_09/05/size_35pe
rm_1_5wells_c_1e-3_s_13dv_10/iterations_4NR.jpg used on input line 108.
(pdftex.def)             Requested size: 184.93117pt x 138.69838pt.

Overfull \hbox (0.6455pt too wide) in paragraph at lines 108--109
 [][] 
 []


</home/wagm/cortes/Localdisk/Results/16_09/05/size_35perm_1_5wells_c_1e-3_s_13d
v_10/eigs/eigsPA11step.jpg, id=20, 1204.5pt x 903.375pt>
File: /home/wagm/cortes/Localdisk/Results/16_09/05/size_35perm_1_5wells_c_1e-3_
s_13dv_10/eigs/eigsPA11step.jpg Graphic file (type jpg)

<use /home/wagm/cortes/Localdisk/Results/16_09/05/size_35perm_1_5wells_c_1e-3_s
_13dv_10/eigs/eigsPA11step.jpg>
Package pdftex.def Info: /home/wagm/cortes/Localdisk/Results/16_09/05/size_35pe
rm_1_5wells_c_1e-3_s_13dv_10/eigs/eigsPA11step.jpg used on input line 116.
(pdftex.def)             Requested size: 184.93117pt x 138.69838pt.

Overfull \hbox (0.6455pt too wide) in paragraph at lines 116--117
 [][] 
 []


</home/wagm/cortes/Localdisk/Results/16_09/05/size_35perm_1_5wells_c_1e-3_s_13d
v_10pod678910/iterations_4NR.jpg, id=21, 1204.5pt x 903.375pt>
File: /home/wagm/cortes/Localdisk/Results/16_09/05/size_35perm_1_5wells_c_1e-3_
s_13dv_10pod678910/iterations_4NR.jpg Graphic file (type jpg)

<use /home/wagm/cortes/Localdisk/Results/16_09/05/size_35perm_1_5wells_c_1e-3_s
_13dv_10pod678910/iterations_4NR.jpg>
Package pdftex.def Info: /home/wagm/cortes/Localdisk/Results/16_09/05/size_35pe
rm_1_5wells_c_1e-3_s_13dv_10pod678910/iterations_4NR.jpg used on input line 128
.
(pdftex.def)             Requested size: 184.93117pt x 138.69838pt.

Overfull \hbox (0.6455pt too wide) in paragraph at lines 128--129
 [][] 
 []


</home/wagm/cortes/Localdisk/Results/16_09/05/size_35perm_1_5wells_c_1e-3_s_13d
v_10pod678910/eigs/eigsPA11step.jpg, id=22, 1204.5pt x 903.375pt>
File: /home/wagm/cortes/Localdisk/Results/16_09/05/size_35perm_1_5wells_c_1e-3_
s_13dv_10pod678910/eigs/eigsPA11step.jpg Graphic file (type jpg)

<use /home/wagm/cortes/Localdisk/Results/16_09/05/size_35perm_1_5wells_c_1e-3_s
_13dv_10pod678910/eigs/eigsPA11step.jpg>
Package pdftex.def Info: /home/wagm/cortes/Localdisk/Results/16_09/05/size_35pe
rm_1_5wells_c_1e-3_s_13dv_10pod678910/eigs/eigsPA11step.jpg used on input line 
136.
(pdftex.def)             Requested size: 184.93117pt x 138.69838pt.

Overfull \hbox (0.6455pt too wide) in paragraph at lines 136--137
 [][] 
 []


LaTeX Warning: `!h' float specifier changed to `!ht'.

[2 </home/wagm/cortes/Localdisk/Results/16_09/05/size_35perm_1_5wells_c_1e-3_s_
13/iterations_4NR.jpg> </home/wagm/cortes/Localdisk/Results/16_09/05/size_35per
m_1_5wells_c_1e-3_s_13/eigs/eigs1step.jpg> </home/wagm/cortes/Localdisk/Results
/16_09/05/size_35perm_1_5wells_c_1e-3_s_13dv_10/iterations_4NR.jpg> </home/wagm
/cortes/Localdisk/Results/16_09/05/size_35perm_1_5wells_c_1e-3_s_13dv_10/eigs/e
igsPA11step.jpg>]
</home/wagm/cortes/Localdisk/Results/16_09/05/size_35perm_1_5wells_c_1e-3_s_26/
iterations_4NR.jpg, id=27, 1204.5pt x 903.375pt>
File: /home/wagm/cortes/Localdisk/Results/16_09/05/size_35perm_1_5wells_c_1e-3_
s_26/iterations_4NR.jpg Graphic file (type jpg)

<use /home/wagm/cortes/Localdisk/Results/16_09/05/size_35perm_1_5wells_c_1e-3_s
_26/iterations_4NR.jpg>
Package pdftex.def Info: /home/wagm/cortes/Localdisk/Results/16_09/05/size_35pe
rm_1_5wells_c_1e-3_s_26/iterations_4NR.jpg used on input line 154.
(pdftex.def)             Requested size: 184.93117pt x 138.69838pt.

Overfull \hbox (0.6455pt too wide) in paragraph at lines 154--155
 [][] 
 []


</home/wagm/cortes/Localdisk/Results/16_09/05/size_35perm_1_5wells_c_1e-3_s_26/
eigs/eigs1step.jpg, id=28, 1204.5pt x 903.375pt>
File: /home/wagm/cortes/Localdisk/Results/16_09/05/size_35perm_1_5wells_c_1e-3_
s_26/eigs/eigs1step.jpg Graphic file (type jpg)

<use /home/wagm/cortes/Localdisk/Results/16_09/05/size_35perm_1_5wells_c_1e-3_s
_26/eigs/eigs1step.jpg>
Package pdftex.def Info: /home/wagm/cortes/Localdisk/Results/16_09/05/size_35pe
rm_1_5wells_c_1e-3_s_26/eigs/eigs1step.jpg used on input line 163.
(pdftex.def)             Requested size: 184.93117pt x 138.69838pt.

Overfull \hbox (0.6455pt too wide) in paragraph at lines 163--164
 [][] 
 []


</home/wagm/cortes/Localdisk/Results/16_09/05/size_35perm_1_5wells_c_1e-3_s_26d
v_10/iterations_4NR.jpg, id=29, 1204.5pt x 903.375pt>
File: /home/wagm/cortes/Localdisk/Results/16_09/05/size_35perm_1_5wells_c_1e-3_
s_26dv_10/iterations_4NR.jpg Graphic file (type jpg)

<use /home/wagm/cortes/Localdisk/Results/16_09/05/size_35perm_1_5wells_c_1e-3_s
_26dv_10/iterations_4NR.jpg>
Package pdftex.def Info: /home/wagm/cortes/Localdisk/Results/16_09/05/size_35pe
rm_1_5wells_c_1e-3_s_26dv_10/iterations_4NR.jpg used on input line 174.
(pdftex.def)             Requested size: 184.93117pt x 138.69838pt.

Overfull \hbox (0.6455pt too wide) in paragraph at lines 174--175
 [][] 
 []


</home/wagm/cortes/Localdisk/Results/16_09/05/size_35perm_1_5wells_c_1e-3_s_26d
v_10/eigs/eigsPA11step.jpg, id=30, 1204.5pt x 903.375pt>
File: /home/wagm/cortes/Localdisk/Results/16_09/05/size_35perm_1_5wells_c_1e-3_
s_26dv_10/eigs/eigsPA11step.jpg Graphic file (type jpg)

<use /home/wagm/cortes/Localdisk/Results/16_09/05/size_35perm_1_5wells_c_1e-3_s
_26dv_10/eigs/eigsPA11step.jpg>
Package pdftex.def Info: /home/wagm/cortes/Localdisk/Results/16_09/05/size_35pe
rm_1_5wells_c_1e-3_s_26dv_10/eigs/eigsPA11step.jpg used on input line 182.
(pdftex.def)             Requested size: 184.93117pt x 138.69838pt.

Overfull \hbox (0.6455pt too wide) in paragraph at lines 182--183
 [][] 
 []


LaTeX Warning: `!h' float specifier changed to `!ht'.


</home/wagm/cortes/Localdisk/Results/16_09/05/size_35perm_1_5wells_c_1e-3_s_26d
v_10pod678910/iterations_4NR.jpg, id=31, 1204.5pt x 903.375pt>
File: /home/wagm/cortes/Localdisk/Results/16_09/05/size_35perm_1_5wells_c_1e-3_
s_26dv_10pod678910/iterations_4NR.jpg Graphic file (type jpg)

<use /home/wagm/cortes/Localdisk/Results/16_09/05/size_35perm_1_5wells_c_1e-3_s
_26dv_10pod678910/iterations_4NR.jpg>
Package pdftex.def Info: /home/wagm/cortes/Localdisk/Results/16_09/05/size_35pe
rm_1_5wells_c_1e-3_s_26dv_10pod678910/iterations_4NR.jpg used on input line 194
.
(pdftex.def)             Requested size: 184.93117pt x 138.69838pt.

Overfull \hbox (0.6455pt too wide) in paragraph at lines 194--195
 [][] 
 []


</home/wagm/cortes/Localdisk/Results/16_09/05/size_35perm_1_5wells_c_1e-3_s_26d
v_10pod678910/eigs/eigsPA11step.jpg, id=32, 1204.5pt x 903.375pt>
File: /home/wagm/cortes/Localdisk/Results/16_09/05/size_35perm_1_5wells_c_1e-3_
s_26dv_10pod678910/eigs/eigsPA11step.jpg Graphic file (type jpg)

<use /home/wagm/cortes/Localdisk/Results/16_09/05/size_35perm_1_5wells_c_1e-3_s
_26dv_10pod678910/eigs/eigsPA11step.jpg>
Package pdftex.def Info: /home/wagm/cortes/Localdisk/Results/16_09/05/size_35pe
rm_1_5wells_c_1e-3_s_26dv_10pod678910/eigs/eigsPA11step.jpg used on input line 
202.
(pdftex.def)             Requested size: 184.93117pt x 138.69838pt.

Overfull \hbox (0.6455pt too wide) in paragraph at lines 202--203
 [][] 
 []


LaTeX Warning: `!h' float specifier changed to `!ht'.

[3 </home/wagm/cortes/Localdisk/Results/16_09/05/size_35perm_1_5wells_c_1e-3_s_
13dv_10pod678910/iterations_4NR.jpg> </home/wagm/cortes/Localdisk/Results/16_09
/05/size_35perm_1_5wells_c_1e-3_s_13dv_10pod678910/eigs/eigsPA11step.jpg> </hom
e/wagm/cortes/Localdisk/Results/16_09/05/size_35perm_1_5wells_c_1e-3_s_26/itera
tions_4NR.jpg> </home/wagm/cortes/Localdisk/Results/16_09/05/size_35perm_1_5wel
ls_c_1e-3_s_26/eigs/eigs1step.jpg>]
<solutionIC.jpg, id=37, 1204.5pt x 903.375pt>
File: solutionIC.jpg Graphic file (type jpg)
 <use solutionIC.jpg>
Package pdftex.def Info: solutionIC.jpg used on input line 217.
(pdftex.def)             Requested size: 284.52788pt x 213.3959pt.


LaTeX Warning: `!h' float specifier changed to `!ht'.


</home/wagm/cortes/Localdisk/Results/16_09/05/size_35perm_1_5wells_c_1e-3_s_52/
eigs/eigs1stepA.jpg, id=38, 1204.5pt x 903.375pt>
File: /home/wagm/cortes/Localdisk/Results/16_09/05/size_35perm_1_5wells_c_1e-3_
s_52/eigs/eigs1stepA.jpg Graphic file (type jpg)

<use /home/wagm/cortes/Localdisk/Results/16_09/05/size_35perm_1_5wells_c_1e-3_s
_52/eigs/eigs1stepA.jpg>
Package pdftex.def Info: /home/wagm/cortes/Localdisk/Results/16_09/05/size_35pe
rm_1_5wells_c_1e-3_s_52/eigs/eigs1stepA.jpg used on input line 226.
(pdftex.def)             Requested size: 184.93117pt x 138.69838pt.

Overfull \hbox (14.21465pt too wide) in paragraph at lines 226--228
 [][] 
 []


</home/wagm/cortes/Localdisk/Results/16_09/05/size_35perm_1_5wells_c_1e-3_s_52d
v_10pod678910/eig_pod.jpg, id=39, 1204.5pt x 903.375pt>
File: /home/wagm/cortes/Localdisk/Results/16_09/05/size_35perm_1_5wells_c_1e-3_
s_52dv_10pod678910/eig_pod.jpg Graphic file (type jpg)

<use /home/wagm/cortes/Localdisk/Results/16_09/05/size_35perm_1_5wells_c_1e-3_s
_52dv_10pod678910/eig_pod.jpg>
Package pdftex.def Info: /home/wagm/cortes/Localdisk/Results/16_09/05/size_35pe
rm_1_5wells_c_1e-3_s_52dv_10pod678910/eig_pod.jpg used on input line 235.
(pdftex.def)             Requested size: 170.70569pt x 128.02927pt.

</home/wagm/cortes/Localdisk/Results/16_09/05/size_35perm_1_5wells_c_1e-3_s_52/
iterations_4NR.jpg, id=40, 1204.5pt x 903.375pt>
File: /home/wagm/cortes/Localdisk/Results/16_09/05/size_35perm_1_5wells_c_1e-3_
s_52/iterations_4NR.jpg Graphic file (type jpg)

<use /home/wagm/cortes/Localdisk/Results/16_09/05/size_35perm_1_5wells_c_1e-3_s
_52/iterations_4NR.jpg>
Package pdftex.def Info: /home/wagm/cortes/Localdisk/Results/16_09/05/size_35pe
rm_1_5wells_c_1e-3_s_52/iterations_4NR.jpg used on input line 249.
(pdftex.def)             Requested size: 184.93117pt x 138.69838pt.

Overfull \hbox (0.6455pt too wide) in paragraph at lines 249--250
 [][] 
 []


</home/wagm/cortes/Localdisk/Results/16_09/05/size_35perm_1_5wells_c_1e-3_s_52/
eigs/eigs1step.jpg, id=41, 1204.5pt x 903.375pt>
File: /home/wagm/cortes/Localdisk/Results/16_09/05/size_35perm_1_5wells_c_1e-3_
s_52/eigs/eigs1step.jpg Graphic file (type jpg)

<use /home/wagm/cortes/Localdisk/Results/16_09/05/size_35perm_1_5wells_c_1e-3_s
_52/eigs/eigs1step.jpg>
Package pdftex.def Info: /home/wagm/cortes/Localdisk/Results/16_09/05/size_35pe
rm_1_5wells_c_1e-3_s_52/eigs/eigs1step.jpg used on input line 258.
(pdftex.def)             Requested size: 184.93117pt x 138.69838pt.

Overfull \hbox (0.6455pt too wide) in paragraph at lines 258--259
 [][] 
 []

[4 </home/wagm/cortes/Localdisk/Results/16_09/05/size_35perm_1_5wells_c_1e-3_s_
26dv_10/iterations_4NR.jpg> </home/wagm/cortes/Localdisk/Results/16_09/05/size_
35perm_1_5wells_c_1e-3_s_26dv_10/eigs/eigsPA11step.jpg> </home/wagm/cortes/Loca
ldisk/Results/16_09/05/size_35perm_1_5wells_c_1e-3_s_26dv_10pod678910/iteration
s_4NR.jpg> </home/wagm/cortes/Localdisk/Results/16_09/05/size_35perm_1_5wells_c
_1e-3_s_26dv_10pod678910/eigs/eigsPA11step.jpg> </home/wagm/cortes/Localdisk/Re
sults/16_09/05/size_35perm_1_5wells_c_1e-3_s_52/eigs/eigs1stepA.jpg>]

LaTeX Warning: `!h' float specifier changed to `!ht'.


</home/wagm/cortes/Localdisk/Results/16_09/05/size_35perm_1_5wells_c_1e-3_s_52d
v_10/iterations_4NR.jpg, id=46, 1204.5pt x 903.375pt>
File: /home/wagm/cortes/Localdisk/Results/16_09/05/size_35perm_1_5wells_c_1e-3_
s_52dv_10/iterations_4NR.jpg Graphic file (type jpg)

<use /home/wagm/cortes/Localdisk/Results/16_09/05/size_35perm_1_5wells_c_1e-3_s
_52dv_10/iterations_4NR.jpg>
Package pdftex.def Info: /home/wagm/cortes/Localdisk/Results/16_09/05/size_35pe
rm_1_5wells_c_1e-3_s_52dv_10/iterations_4NR.jpg used on input line 269.
(pdftex.def)             Requested size: 184.93117pt x 138.69838pt.

Overfull \hbox (0.6455pt too wide) in paragraph at lines 269--270
 [][] 
 []


</home/wagm/cortes/Localdisk/Results/16_09/05/size_35perm_1_5wells_c_1e-3_s_52d
v_10/eigs/eigsPA11step.jpg, id=47, 1204.5pt x 903.375pt>
File: /home/wagm/cortes/Localdisk/Results/16_09/05/size_35perm_1_5wells_c_1e-3_
s_52dv_10/eigs/eigsPA11step.jpg Graphic file (type jpg)

<use /home/wagm/cortes/Localdisk/Results/16_09/05/size_35perm_1_5wells_c_1e-3_s
_52dv_10/eigs/eigsPA11step.jpg>
Package pdftex.def Info: /home/wagm/cortes/Localdisk/Results/16_09/05/size_35pe
rm_1_5wells_c_1e-3_s_52dv_10/eigs/eigsPA11step.jpg used on input line 277.
(pdftex.def)             Requested size: 184.93117pt x 138.69838pt.

Overfull \hbox (0.6455pt too wide) in paragraph at lines 277--278
 [][] 
 []


LaTeX Warning: `!h' float specifier changed to `!ht'.


</home/wagm/cortes/Localdisk/Results/16_09/05/size_35perm_1_5wells_c_1e-3_s_52d
v_10pod678910/iterations_4NR.jpg, id=48, 1204.5pt x 903.375pt>
File: /home/wagm/cortes/Localdisk/Results/16_09/05/size_35perm_1_5wells_c_1e-3_
s_52dv_10pod678910/iterations_4NR.jpg Graphic file (type jpg)

<use /home/wagm/cortes/Localdisk/Results/16_09/05/size_35perm_1_5wells_c_1e-3_s
_52dv_10pod678910/iterations_4NR.jpg>
Package pdftex.def Info: /home/wagm/cortes/Localdisk/Results/16_09/05/size_35pe
rm_1_5wells_c_1e-3_s_52dv_10pod678910/iterations_4NR.jpg used on input line 289
.
(pdftex.def)             Requested size: 184.93117pt x 138.69838pt.

Overfull \hbox (0.6455pt too wide) in paragraph at lines 289--290
 [][] 
 []


</home/wagm/cortes/Localdisk/Results/16_09/05/size_35perm_1_5wells_c_1e-3_s_52d
v_10pod678910/eigs/eigsPA11step.jpg, id=49, 1204.5pt x 903.375pt>
File: /home/wagm/cortes/Localdisk/Results/16_09/05/size_35perm_1_5wells_c_1e-3_
s_52dv_10pod678910/eigs/eigsPA11step.jpg Graphic file (type jpg)

<use /home/wagm/cortes/Localdisk/Results/16_09/05/size_35perm_1_5wells_c_1e-3_s
_52dv_10pod678910/eigs/eigsPA11step.jpg>
Package pdftex.def Info: /home/wagm/cortes/Localdisk/Results/16_09/05/size_35pe
rm_1_5wells_c_1e-3_s_52dv_10pod678910/eigs/eigsPA11step.jpg used on input line 
297.
(pdftex.def)             Requested size: 184.93117pt x 138.69838pt.

Overfull \hbox (0.6455pt too wide) in paragraph at lines 297--298
 [][] 
 []


LaTeX Warning: `!h' float specifier changed to `!ht'.

[5 <./solutionIC.jpg> </home/wagm/cortes/Localdisk/Results/16_09/05/size_35perm
_1_5wells_c_1e-3_s_52dv_10pod678910/eig_pod.jpg>]
Overfull \vbox (17.97849pt too high) has occurred while \output is active []


[6 </home/wagm/cortes/Localdisk/Results/16_09/05/size_35perm_1_5wells_c_1e-3_s_
52/iterations_4NR.jpg> </home/wagm/cortes/Localdisk/Results/16_09/05/size_35per
m_1_5wells_c_1e-3_s_52/eigs/eigs1step.jpg> </home/wagm/cortes/Localdisk/Results
/16_09/05/size_35perm_1_5wells_c_1e-3_s_52dv_10/iterations_4NR.jpg> </home/wagm
/cortes/Localdisk/Results/16_09/05/size_35perm_1_5wells_c_1e-3_s_52dv_10/eigs/e
igsPA11step.jpg> </home/wagm/cortes/Localdisk/Results/16_09/05/size_35perm_1_5w
ells_c_1e-3_s_52dv_10pod678910/iterations_4NR.jpg> </home/wagm/cortes/Localdisk
/Results/16_09/05/size_35perm_1_5wells_c_1e-3_s_52dv_10pod678910/eigs/eigsPA11s
tep.jpg>]
</home/wagm/cortes/Localdisk/Results/16_09/05/size_35perm_1_5wells_c_1e-3_s_104
/iterations_4NR.jpg, id=56, 1204.5pt x 903.375pt>
File: /home/wagm/cortes/Localdisk/Results/16_09/05/size_35perm_1_5wells_c_1e-3_
s_104/iterations_4NR.jpg Graphic file (type jpg)

<use /home/wagm/cortes/Localdisk/Results/16_09/05/size_35perm_1_5wells_c_1e-3_s
_104/iterations_4NR.jpg>
Package pdftex.def Info: /home/wagm/cortes/Localdisk/Results/16_09/05/size_35pe
rm_1_5wells_c_1e-3_s_104/iterations_4NR.jpg used on input line 317.
(pdftex.def)             Requested size: 184.93117pt x 138.69838pt.

Overfull \hbox (0.6455pt too wide) in paragraph at lines 317--318
 [][] 
 []


</home/wagm/cortes/Localdisk/Results/16_09/05/size_35perm_1_5wells_c_1e-3_s_104
/eigs/eigs1step.jpg, id=57, 1204.5pt x 903.375pt>
File: /home/wagm/cortes/Localdisk/Results/16_09/05/size_35perm_1_5wells_c_1e-3_
s_104/eigs/eigs1step.jpg Graphic file (type jpg)

<use /home/wagm/cortes/Localdisk/Results/16_09/05/size_35perm_1_5wells_c_1e-3_s
_104/eigs/eigs1step.jpg>
Package pdftex.def Info: /home/wagm/cortes/Localdisk/Results/16_09/05/size_35pe
rm_1_5wells_c_1e-3_s_104/eigs/eigs1step.jpg used on input line 326.
(pdftex.def)             Requested size: 184.93117pt x 138.69838pt.

Overfull \hbox (0.6455pt too wide) in paragraph at lines 326--327
 [][] 
 []


</home/wagm/cortes/Localdisk/Results/16_09/05/size_35perm_1_5wells_c_1e-3_s_104
dv_10/iterations_4NR.jpg, id=58, 1204.5pt x 903.375pt>
File: /home/wagm/cortes/Localdisk/Results/16_09/05/size_35perm_1_5wells_c_1e-3_
s_104dv_10/iterations_4NR.jpg Graphic file (type jpg)

<use /home/wagm/cortes/Localdisk/Results/16_09/05/size_35perm_1_5wells_c_1e-3_s
_104dv_10/iterations_4NR.jpg>
Package pdftex.def Info: /home/wagm/cortes/Localdisk/Results/16_09/05/size_35pe
rm_1_5wells_c_1e-3_s_104dv_10/iterations_4NR.jpg used on input line 337.
(pdftex.def)             Requested size: 184.93117pt x 138.69838pt.

Overfull \hbox (0.6455pt too wide) in paragraph at lines 337--338
 [][] 
 []


</home/wagm/cortes/Localdisk/Results/16_09/05/size_35perm_1_5wells_c_1e-3_s_104
dv_10/eigs/eigsPA11step.jpg, id=59, 1204.5pt x 903.375pt>
File: /home/wagm/cortes/Localdisk/Results/16_09/05/size_35perm_1_5wells_c_1e-3_
s_104dv_10/eigs/eigsPA11step.jpg Graphic file (type jpg)

<use /home/wagm/cortes/Localdisk/Results/16_09/05/size_35perm_1_5wells_c_1e-3_s
_104dv_10/eigs/eigsPA11step.jpg>
Package pdftex.def Info: /home/wagm/cortes/Localdisk/Results/16_09/05/size_35pe
rm_1_5wells_c_1e-3_s_104dv_10/eigs/eigsPA11step.jpg used on input line 345.
(pdftex.def)             Requested size: 184.93117pt x 138.69838pt.

Overfull \hbox (0.6455pt too wide) in paragraph at lines 345--346
 [][] 
 []


</home/wagm/cortes/Localdisk/Results/16_09/05/size_35perm_1_5wells_c_1e-3_s_104
dv_10pod678910/iterations_4NR.jpg, id=60, 1204.5pt x 903.375pt>
File: /home/wagm/cortes/Localdisk/Results/16_09/05/size_35perm_1_5wells_c_1e-3_
s_104dv_10pod678910/iterations_4NR.jpg Graphic file (type jpg)

<use /home/wagm/cortes/Localdisk/Results/16_09/05/size_35perm_1_5wells_c_1e-3_s
_104dv_10pod678910/iterations_4NR.jpg>
Package pdftex.def Info: /home/wagm/cortes/Localdisk/Results/16_09/05/size_35pe
rm_1_5wells_c_1e-3_s_104dv_10pod678910/iterations_4NR.jpg used on input line 35
7.
(pdftex.def)             Requested size: 184.93117pt x 138.69838pt.

Overfull \hbox (0.6455pt too wide) in paragraph at lines 357--358
 [][] 
 []


</home/wagm/cortes/Localdisk/Results/16_09/05/size_35perm_1_5wells_c_1e-3_s_104
dv_10pod678910/eigs/eigsPA11step.jpg, id=61, 1204.5pt x 903.375pt>
File: /home/wagm/cortes/Localdisk/Results/16_09/05/size_35perm_1_5wells_c_1e-3_
s_104dv_10pod678910/eigs/eigsPA11step.jpg Graphic file (type jpg)

<use /home/wagm/cortes/Localdisk/Results/16_09/05/size_35perm_1_5wells_c_1e-3_s
_104dv_10pod678910/eigs/eigsPA11step.jpg>
Package pdftex.def Info: /home/wagm/cortes/Localdisk/Results/16_09/05/size_35pe
rm_1_5wells_c_1e-3_s_104dv_10pod678910/eigs/eigsPA11step.jpg used on input line
 365.
(pdftex.def)             Requested size: 184.93117pt x 138.69838pt.

Overfull \hbox (0.6455pt too wide) in paragraph at lines 365--366
 [][] 
 []


LaTeX Warning: `!h' float specifier changed to `!ht'.

[7 </home/wagm/cortes/Localdisk/Results/16_09/05/size_35perm_1_5wells_c_1e-3_s_
104/iterations_4NR.jpg> </home/wagm/cortes/Localdisk/Results/16_09/05/size_35pe
rm_1_5wells_c_1e-3_s_104/eigs/eigs1step.jpg> </home/wagm/cortes/Localdisk/Resul
ts/16_09/05/size_35perm_1_5wells_c_1e-3_s_104dv_10/iterations_4NR.jpg> </home/w
agm/cortes/Localdisk/Results/16_09/05/size_35perm_1_5wells_c_1e-3_s_104dv_10/ei
gs/eigsPA11step.jpg>]
</home/wagm/cortes/Localdisk/Results/16_09/05/size_35perm_1_5wells_c_1e-3_s_156
/iterations_4NR.jpg, id=66, 1204.5pt x 903.375pt>
File: /home/wagm/cortes/Localdisk/Results/16_09/05/size_35perm_1_5wells_c_1e-3_
s_156/iterations_4NR.jpg Graphic file (type jpg)

<use /home/wagm/cortes/Localdisk/Results/16_09/05/size_35perm_1_5wells_c_1e-3_s
_156/iterations_4NR.jpg>
Package pdftex.def Info: /home/wagm/cortes/Localdisk/Results/16_09/05/size_35pe
rm_1_5wells_c_1e-3_s_156/iterations_4NR.jpg used on input line 381.
(pdftex.def)             Requested size: 184.93117pt x 138.69838pt.

Overfull \hbox (0.6455pt too wide) in paragraph at lines 381--382
 [][] 
 []


</home/wagm/cortes/Localdisk/Results/16_09/05/size_35perm_1_5wells_c_1e-3_s_156
/eigs/eigs1step.jpg, id=67, 1204.5pt x 903.375pt>
File: /home/wagm/cortes/Localdisk/Results/16_09/05/size_35perm_1_5wells_c_1e-3_
s_156/eigs/eigs1step.jpg Graphic file (type jpg)

<use /home/wagm/cortes/Localdisk/Results/16_09/05/size_35perm_1_5wells_c_1e-3_s
_156/eigs/eigs1step.jpg>
Package pdftex.def Info: /home/wagm/cortes/Localdisk/Results/16_09/05/size_35pe
rm_1_5wells_c_1e-3_s_156/eigs/eigs1step.jpg used on input line 390.
(pdftex.def)             Requested size: 184.93117pt x 138.69838pt.

Overfull \hbox (0.6455pt too wide) in paragraph at lines 390--391
 [][] 
 []


</home/wagm/cortes/Localdisk/Results/16_09/05/size_35perm_1_5wells_c_1e-3_s_156
dv_10/iterations_4NR.jpg, id=68, 1204.5pt x 903.375pt>
File: /home/wagm/cortes/Localdisk/Results/16_09/05/size_35perm_1_5wells_c_1e-3_
s_156dv_10/iterations_4NR.jpg Graphic file (type jpg)

<use /home/wagm/cortes/Localdisk/Results/16_09/05/size_35perm_1_5wells_c_1e-3_s
_156dv_10/iterations_4NR.jpg>
Package pdftex.def Info: /home/wagm/cortes/Localdisk/Results/16_09/05/size_35pe
rm_1_5wells_c_1e-3_s_156dv_10/iterations_4NR.jpg used on input line 401.
(pdftex.def)             Requested size: 184.93117pt x 138.69838pt.

Overfull \hbox (0.6455pt too wide) in paragraph at lines 401--402
 [][] 
 []


</home/wagm/cortes/Localdisk/Results/16_09/05/size_35perm_1_5wells_c_1e-3_s_156
dv_10/eigs/eigsPA11step.jpg, id=69, 1204.5pt x 903.375pt>
File: /home/wagm/cortes/Localdisk/Results/16_09/05/size_35perm_1_5wells_c_1e-3_
s_156dv_10/eigs/eigsPA11step.jpg Graphic file (type jpg)

<use /home/wagm/cortes/Localdisk/Results/16_09/05/size_35perm_1_5wells_c_1e-3_s
_156dv_10/eigs/eigsPA11step.jpg>
Package pdftex.def Info: /home/wagm/cortes/Localdisk/Results/16_09/05/size_35pe
rm_1_5wells_c_1e-3_s_156dv_10/eigs/eigsPA11step.jpg used on input line 409.
(pdftex.def)             Requested size: 184.93117pt x 138.69838pt.

Overfull \hbox (0.6455pt too wide) in paragraph at lines 409--410
 [][] 
 []


LaTeX Warning: `!h' float specifier changed to `!ht'.


</home/wagm/cortes/Localdisk/Results/16_09/05/size_35perm_1_5wells_c_1e-3_s_156
dv_10pod678910/iterations_4NR.jpg, id=70, 1204.5pt x 903.375pt>
File: /home/wagm/cortes/Localdisk/Results/16_09/05/size_35perm_1_5wells_c_1e-3_
s_156dv_10pod678910/iterations_4NR.jpg Graphic file (type jpg)

<use /home/wagm/cortes/Localdisk/Results/16_09/05/size_35perm_1_5wells_c_1e-3_s
_156dv_10pod678910/iterations_4NR.jpg>
Package pdftex.def Info: /home/wagm/cortes/Localdisk/Results/16_09/05/size_35pe
rm_1_5wells_c_1e-3_s_156dv_10pod678910/iterations_4NR.jpg used on input line 42
1.
(pdftex.def)             Requested size: 184.93117pt x 138.69838pt.

Overfull \hbox (0.6455pt too wide) in paragraph at lines 421--422
 [][] 
 []


</home/wagm/cortes/Localdisk/Results/16_09/05/size_35perm_1_5wells_c_1e-3_s_156
dv_10pod678910/eigs/eigsPA11step.jpg, id=71, 1204.5pt x 903.375pt>
File: /home/wagm/cortes/Localdisk/Results/16_09/05/size_35perm_1_5wells_c_1e-3_
s_156dv_10pod678910/eigs/eigsPA11step.jpg Graphic file (type jpg)

<use /home/wagm/cortes/Localdisk/Results/16_09/05/size_35perm_1_5wells_c_1e-3_s
_156dv_10pod678910/eigs/eigsPA11step.jpg>
Package pdftex.def Info: /home/wagm/cortes/Localdisk/Results/16_09/05/size_35pe
rm_1_5wells_c_1e-3_s_156dv_10pod678910/eigs/eigsPA11step.jpg used on input line
 429.
(pdftex.def)             Requested size: 184.93117pt x 138.69838pt.

Overfull \hbox (0.6455pt too wide) in paragraph at lines 429--430
 [][] 
 []


LaTeX Warning: `!h' float specifier changed to `!ht'.

[8 </home/wagm/cortes/Localdisk/Results/16_09/05/size_35perm_1_5wells_c_1e-3_s_
104dv_10pod678910/iterations_4NR.jpg> </home/wagm/cortes/Localdisk/Results/16_0
9/05/size_35perm_1_5wells_c_1e-3_s_104dv_10pod678910/eigs/eigsPA11step.jpg> </h
ome/wagm/cortes/Localdisk/Results/16_09/05/size_35perm_1_5wells_c_1e-3_s_156/it
erations_4NR.jpg> </home/wagm/cortes/Localdisk/Results/16_09/05/size_35perm_1_5
wells_c_1e-3_s_156/eigs/eigs1step.jpg>]
<solutionvw_IC.jpg, id=75, 1204.5pt x 903.375pt>
File: solutionvw_IC.jpg Graphic file (type jpg)
 <use solutionvw_IC.jpg>
Package pdftex.def Info: solutionvw_IC.jpg used on input line 444.
(pdftex.def)             Requested size: 284.52788pt x 213.3959pt.


LaTeX Warning: `!h' float specifier changed to `!ht'.

<iterations_4NRvw_IC.jpg, id=76, 1204.5pt x 903.375pt>
File: iterations_4NRvw_IC.jpg Graphic file (type jpg)

<use iterations_4NRvw_IC.jpg>
Package pdftex.def Info: iterations_4NRvw_IC.jpg used on input line 455.
(pdftex.def)             Requested size: 184.93117pt x 138.69838pt.

Overfull \hbox (0.6455pt too wide) in paragraph at lines 455--456
 [][] 
 []


LaTeX Warning: `!h' float specifier changed to `!ht'.

<iterations_4NRvw_D10.jpg, id=77, 1204.5pt x 903.375pt>
File: iterations_4NRvw_D10.jpg Graphic file (type jpg)

<use iterations_4NRvw_D10.jpg>
Package pdftex.def Info: iterations_4NRvw_D10.jpg used on input line 466.
(pdftex.def)             Requested size: 184.93117pt x 138.69838pt.

Overfull \hbox (0.6455pt too wide) in paragraph at lines 466--467
 [][] 
 []

<iterations_4NRvw_POD5.jpg, id=78, 1204.5pt x 903.375pt>
File: iterations_4NRvw_POD5.jpg Graphic file (type jpg)

<use iterations_4NRvw_POD5.jpg>
Package pdftex.def Info: iterations_4NRvw_POD5.jpg used on input line 474.
(pdftex.def)             Requested size: 184.93117pt x 138.69838pt.

Overfull \hbox (0.6455pt too wide) in paragraph at lines 474--475
 [][] 
 []


LaTeX Warning: `!h' float specifier changed to `!ht'.

[9 </home/wagm/cortes/Localdisk/Results/16_09/05/size_35perm_1_5wells_c_1e-3_s_
156dv_10/iterations_4NR.jpg> </home/wagm/cortes/Localdisk/Results/16_09/05/size
_35perm_1_5wells_c_1e-3_s_156dv_10/eigs/eigsPA11step.jpg> </home/wagm/cortes/Lo
caldisk/Results/16_09/05/size_35perm_1_5wells_c_1e-3_s_156dv_10pod678910/iterat
ions_4NR.jpg> </home/wagm/cortes/Localdisk/Results/16_09/05/size_35perm_1_5well
s_c_1e-3_s_156dv_10pod678910/eigs/eigsPA11step.jpg>] [10 <./solutionvw_IC.jpg> 
<./iterations_4NRvw_IC.jpg>] (./temporal_timesteps_2.bbl

Package natbib Warning: Empty `thebibliography' environment on input line 3.

) [11 <./iterations_4NRvw_D10.jpg> <./iterations_4NRvw_POD5.jpg>]
(./temporal_timesteps_2.aux)

LaTeX Warning: There were multiply-defined labels.

 ) 
Here is how much of TeX's memory you used:
 5184 strings out of 494409
 92602 string characters out of 6164778
 150893 words of memory out of 5000000
 8257 multiletter control sequences out of 15000+600000
 15435 words of font info for 60 fonts, out of 8000000 for 9000
 372 hyphenation exceptions out of 8191
 53i,8n,92p,676b,460s stack positions out of 5000i,500n,10000p,200000b,80000s
</usr/share/texlive/texmf-dist/fonts/type1/public/amsfonts/cm/cmbx10.pfb></us
r/share/texlive/texmf-dist/fonts/type1/public/amsfonts/cm/cmbx12.pfb></usr/shar
e/texlive/texmf-dist/fonts/type1/public/amsfonts/cm/cmbxti10.pfb></usr/share/te
xlive/texmf-dist/fonts/type1/public/amsfonts/cm/cmmi12.pfb></usr/share/texlive/
texmf-dist/fonts/type1/public/amsfonts/cm/cmmi7.pfb></usr/share/texlive/texmf-d
ist/fonts/type1/public/amsfonts/cm/cmmi8.pfb></usr/share/texlive/texmf-dist/fon
ts/type1/public/amsfonts/cm/cmr10.pfb></usr/share/texlive/texmf-dist/fonts/type
1/public/amsfonts/cm/cmr12.pfb></usr/share/texlive/texmf-dist/fonts/type1/publi
c/amsfonts/cm/cmr7.pfb></usr/share/texlive/texmf-dist/fonts/type1/public/amsfon
ts/cm/cmr8.pfb></usr/share/texlive/texmf-dist/fonts/type1/public/amsfonts/cm/cm
sy10.pfb></usr/share/texlive/texmf-dist/fonts/type1/public/amsfonts/cm/cmsy8.pf
b></usr/share/texlive/texmf-dist/fonts/type1/public/amsfonts/cm/cmti12.pfb>
Output written on temporal_timesteps_2.pdf (11 pages, 2888593 bytes).
PDF statistics:
 130 PDF objects out of 1000 (max. 8388607)
 65 compressed objects within 1 object stream
 0 named destinations out of 1000 (max. 500000)
 191 words of extra memory for PDF output out of 10000 (max. 10000000)

